{"D:\\PROJECTS_02\\config\\config.js":{"path":"D:\\PROJECTS_02\\config\\config.js","s":{"1":1,"2":1,"3":1,"4":1,"5":1,"6":1,"7":1,"8":1,"9":1,"10":1,"11":1,"12":1,"13":1,"14":1,"15":1,"16":1,"17":1},"b":{},"f":{},"fnMap":{},"statementMap":{"1":{"start":{"line":1,"column":0},"end":{"line":1,"column":26}},"2":{"start":{"line":2,"column":0},"end":{"line":2,"column":50}},"3":{"start":{"line":3,"column":0},"end":{"line":3,"column":32}},"4":{"start":{"line":4,"column":0},"end":{"line":4,"column":36}},"5":{"start":{"line":5,"column":0},"end":{"line":5,"column":32}},"6":{"start":{"line":7,"column":0},"end":{"line":7,"column":46}},"7":{"start":{"line":8,"column":0},"end":{"line":8,"column":42}},"8":{"start":{"line":9,"column":0},"end":{"line":9,"column":64}},"9":{"start":{"line":10,"column":0},"end":{"line":10,"column":56}},"10":{"start":{"line":11,"column":0},"end":{"line":11,"column":62}},"11":{"start":{"line":12,"column":0},"end":{"line":12,"column":56}},"12":{"start":{"line":13,"column":0},"end":{"line":13,"column":51}},"13":{"start":{"line":14,"column":0},"end":{"line":14,"column":48}},"14":{"start":{"line":15,"column":0},"end":{"line":15,"column":48}},"15":{"start":{"line":16,"column":0},"end":{"line":16,"column":52}},"16":{"start":{"line":18,"column":0},"end":{"line":44,"column":31}},"17":{"start":{"line":46,"column":0},"end":{"line":46,"column":20}}},"branchMap":{}},"D:\\PROJECTS_02\\helper\\mysql-model.js":{"path":"D:\\PROJECTS_02\\helper\\mysql-model.js","s":{"1":1,"2":1,"3":1,"4":1,"5":1,"6":1,"7":0,"8":0,"9":0,"10":0,"11":0,"12":0,"13":0,"14":0,"15":0,"16":0,"17":0,"18":0,"19":0,"20":0,"21":0,"22":0,"23":0,"24":0,"25":0,"26":0,"27":0,"28":0,"29":0,"30":0,"31":0,"32":0,"33":0,"34":0,"35":0,"36":0,"37":0,"38":0,"39":0,"40":0,"41":0,"42":0,"43":0,"44":0,"45":0,"46":0,"47":0,"48":0,"49":0,"50":0,"51":0,"52":0,"53":0,"54":0,"55":0,"56":0,"57":0,"58":0,"59":0,"60":0,"61":0,"62":0,"63":0,"64":0,"65":0,"66":0,"67":0,"68":0,"69":0,"70":0,"71":0,"72":0,"73":0,"74":0,"75":0,"76":0,"77":0,"78":0,"79":0,"80":0,"81":1,"82":1,"83":1,"84":1,"85":1,"86":0,"87":1,"88":0,"89":0,"90":0,"91":0,"92":0,"93":0,"94":0,"95":0,"96":0,"97":0,"98":0,"99":0,"100":0,"101":0,"102":0,"103":1,"104":0,"105":0,"106":0,"107":0,"108":0,"109":0,"110":0,"111":0,"112":0,"113":0,"114":0,"115":0,"116":1,"117":1,"118":0,"119":0,"120":0,"121":0,"122":0,"123":0,"124":0,"125":0,"126":0,"127":0,"128":0,"129":0,"130":0,"131":0,"132":0,"133":0,"134":0,"135":0,"136":0,"137":0,"138":0,"139":0,"140":0,"141":0,"142":0,"143":0,"144":0,"145":0,"146":0,"147":0,"148":0,"149":0,"150":0,"151":0,"152":1,"153":1},"b":{"1":[0,0],"2":[0,0],"3":[0,0],"4":[0,0],"5":[0,0],"6":[0,0],"7":[0,0],"8":[0,0],"9":[0,0],"10":[0,0],"11":[0,0],"12":[0,0],"13":[0,0],"14":[0,0],"15":[0,0],"16":[0,0],"17":[0,0],"18":[0,0,0,0],"19":[0,0],"20":[0,0],"21":[0,0],"22":[0,0],"23":[0,0],"24":[1,0],"25":[1,0],"26":[0,1],"27":[0,0],"28":[0,0],"29":[0,0],"30":[0,0],"31":[0,1],"32":[0,0],"33":[0,0],"34":[0,0],"35":[0,0],"36":[0,0],"37":[0,0],"38":[0,0],"39":[0,0],"40":[0,0],"41":[0,0],"42":[0,0],"43":[0,0],"44":[0,0]},"f":{"1":1,"2":0,"3":0,"4":0,"5":0,"6":0,"7":0,"8":0,"9":0,"10":0,"11":0,"12":1,"13":0,"14":0,"15":0,"16":0,"17":0,"18":0,"19":0,"20":0,"21":0,"22":0,"23":0,"24":0},"fnMap":{"1":{"name":"(anonymous_1)","line":5,"loc":{"start":{"line":5,"column":24},"end":{"line":5,"column":43}}},"2":{"name":"(anonymous_2)","line":12,"loc":{"start":{"line":12,"column":10},"end":{"line":12,"column":24}}},"3":{"name":"(anonymous_3)","line":20,"loc":{"start":{"line":20,"column":9},"end":{"line":20,"column":35}}},"4":{"name":"(anonymous_4)","line":21,"loc":{"start":{"line":21,"column":27},"end":{"line":21,"column":57}}},"5":{"name":"(anonymous_5)","line":28,"loc":{"start":{"line":28,"column":8},"end":{"line":28,"column":31}}},"6":{"name":"(anonymous_6)","line":39,"loc":{"start":{"line":39,"column":29},"end":{"line":39,"column":59}}},"7":{"name":"(anonymous_7)","line":47,"loc":{"start":{"line":47,"column":8},"end":{"line":47,"column":47}}},"8":{"name":"(anonymous_8)","line":90,"loc":{"start":{"line":90,"column":25},"end":{"line":90,"column":55}}},"9":{"name":"(anonymous_9)","line":99,"loc":{"start":{"line":99,"column":25},"end":{"line":99,"column":55}}},"10":{"name":"(anonymous_10)","line":108,"loc":{"start":{"line":108,"column":25},"end":{"line":108,"column":55}}},"11":{"name":"(anonymous_11)","line":121,"loc":{"start":{"line":121,"column":25},"end":{"line":121,"column":55}}},"12":{"name":"(anonymous_12)","line":131,"loc":{"start":{"line":131,"column":8},"end":{"line":131,"column":34}}},"13":{"name":"(anonymous_13)","line":149,"loc":{"start":{"line":149,"column":28},"end":{"line":149,"column":58}}},"14":{"name":"(anonymous_14)","line":151,"loc":{"start":{"line":151,"column":26},"end":{"line":151,"column":48}}},"15":{"name":"(anonymous_15)","line":169,"loc":{"start":{"line":169,"column":29},"end":{"line":169,"column":59}}},"16":{"name":"(anonymous_16)","line":171,"loc":{"start":{"line":171,"column":27},"end":{"line":171,"column":49}}},"17":{"name":"(anonymous_17)","line":184,"loc":{"start":{"line":184,"column":25},"end":{"line":184,"column":47}}},"18":{"name":"(anonymous_18)","line":193,"loc":{"start":{"line":193,"column":10},"end":{"line":193,"column":36}}},"19":{"name":"(anonymous_19)","line":203,"loc":{"start":{"line":203,"column":28},"end":{"line":203,"column":58}}},"20":{"name":"(anonymous_20)","line":205,"loc":{"start":{"line":205,"column":26},"end":{"line":205,"column":48}}},"21":{"name":"(anonymous_21)","line":220,"loc":{"start":{"line":220,"column":29},"end":{"line":220,"column":59}}},"22":{"name":"(anonymous_22)","line":222,"loc":{"start":{"line":222,"column":27},"end":{"line":222,"column":49}}},"23":{"name":"(anonymous_23)","line":240,"loc":{"start":{"line":240,"column":18},"end":{"line":240,"column":31}}},"24":{"name":"(anonymous_24)","line":241,"loc":{"start":{"line":241,"column":14},"end":{"line":241,"column":24}}}},"statementMap":{"1":{"start":{"line":1,"column":0},"end":{"line":1,"column":32}},"2":{"start":{"line":2,"column":0},"end":{"line":2,"column":35}},"3":{"start":{"line":3,"column":0},"end":{"line":3,"column":29}},"4":{"start":{"line":5,"column":0},"end":{"line":246,"column":1}},"5":{"start":{"line":7,"column":1},"end":{"line":7,"column":50}},"6":{"start":{"line":10,"column":1},"end":{"line":244,"column":4}},"7":{"start":{"line":13,"column":3},"end":{"line":17,"column":4}},"8":{"start":{"line":14,"column":4},"end":{"line":16,"column":5}},"9":{"start":{"line":15,"column":5},"end":{"line":15,"column":29}},"10":{"start":{"line":21,"column":3},"end":{"line":25,"column":6}},"11":{"start":{"line":22,"column":4},"end":{"line":24,"column":5}},"12":{"start":{"line":23,"column":5},"end":{"line":23,"column":35}},"13":{"start":{"line":29,"column":3},"end":{"line":29,"column":13}},"14":{"start":{"line":30,"column":3},"end":{"line":31,"column":50}},"15":{"start":{"line":30,"column":22},"end":{"line":30,"column":53}},"16":{"start":{"line":31,"column":8},"end":{"line":31,"column":50}},"17":{"start":{"line":32,"column":3},"end":{"line":37,"column":4}},"18":{"start":{"line":33,"column":4},"end":{"line":33,"column":26}},"19":{"start":{"line":34,"column":10},"end":{"line":37,"column":4}},"20":{"start":{"line":35,"column":4},"end":{"line":35,"column":16}},"21":{"start":{"line":36,"column":4},"end":{"line":36,"column":26}},"22":{"start":{"line":38,"column":3},"end":{"line":38,"column":54}},"23":{"start":{"line":39,"column":3},"end":{"line":44,"column":6}},"24":{"start":{"line":40,"column":4},"end":{"line":40,"column":27}},"25":{"start":{"line":41,"column":4},"end":{"line":43,"column":5}},"26":{"start":{"line":42,"column":5},"end":{"line":42,"column":38}},"27":{"start":{"line":48,"column":3},"end":{"line":55,"column":4}},"28":{"start":{"line":49,"column":4},"end":{"line":49,"column":20}},"29":{"start":{"line":50,"column":4},"end":{"line":50,"column":17}},"30":{"start":{"line":51,"column":4},"end":{"line":51,"column":18}},"31":{"start":{"line":52,"column":10},"end":{"line":55,"column":4}},"32":{"start":{"line":53,"column":4},"end":{"line":53,"column":24}},"33":{"start":{"line":54,"column":4},"end":{"line":54,"column":18}},"34":{"start":{"line":56,"column":3},"end":{"line":57,"column":50}},"35":{"start":{"line":56,"column":22},"end":{"line":56,"column":53}},"36":{"start":{"line":57,"column":8},"end":{"line":57,"column":50}},"37":{"start":{"line":59,"column":3},"end":{"line":59,"column":16}},"38":{"start":{"line":60,"column":3},"end":{"line":60,"column":18}},"39":{"start":{"line":61,"column":3},"end":{"line":63,"column":4}},"40":{"start":{"line":62,"column":4},"end":{"line":62,"column":32}},"41":{"start":{"line":64,"column":3},"end":{"line":66,"column":4}},"42":{"start":{"line":65,"column":4},"end":{"line":65,"column":41}},"43":{"start":{"line":67,"column":3},"end":{"line":72,"column":4}},"44":{"start":{"line":68,"column":4},"end":{"line":68,"column":44}},"45":{"start":{"line":69,"column":4},"end":{"line":71,"column":5}},"46":{"start":{"line":70,"column":4},"end":{"line":70,"column":19}},"47":{"start":{"line":73,"column":3},"end":{"line":75,"column":4}},"48":{"start":{"line":74,"column":4},"end":{"line":74,"column":43}},"49":{"start":{"line":76,"column":3},"end":{"line":81,"column":4}},"50":{"start":{"line":77,"column":4},"end":{"line":77,"column":44}},"51":{"start":{"line":78,"column":4},"end":{"line":80,"column":5}},"52":{"start":{"line":79,"column":5},"end":{"line":79,"column":20}},"53":{"start":{"line":82,"column":3},"end":{"line":84,"column":4}},"54":{"start":{"line":83,"column":4},"end":{"line":83,"column":41}},"55":{"start":{"line":86,"column":3},"end":{"line":128,"column":4}},"56":{"start":{"line":89,"column":5},"end":{"line":89,"column":55}},"57":{"start":{"line":90,"column":5},"end":{"line":94,"column":8}},"58":{"start":{"line":91,"column":6},"end":{"line":93,"column":7}},"59":{"start":{"line":92,"column":7},"end":{"line":92,"column":37}},"60":{"start":{"line":95,"column":5},"end":{"line":95,"column":11}},"61":{"start":{"line":98,"column":5},"end":{"line":98,"column":53}},"62":{"start":{"line":99,"column":5},"end":{"line":103,"column":8}},"63":{"start":{"line":100,"column":6},"end":{"line":102,"column":7}},"64":{"start":{"line":101,"column":7},"end":{"line":101,"column":52}},"65":{"start":{"line":104,"column":5},"end":{"line":104,"column":11}},"66":{"start":{"line":107,"column":5},"end":{"line":107,"column":55}},"67":{"start":{"line":108,"column":5},"end":{"line":116,"column":8}},"68":{"start":{"line":109,"column":6},"end":{"line":112,"column":7}},"69":{"start":{"line":110,"column":7},"end":{"line":110,"column":55}},"70":{"start":{"line":111,"column":7},"end":{"line":111,"column":24}},"71":{"start":{"line":113,"column":6},"end":{"line":115,"column":7}},"72":{"start":{"line":114,"column":7},"end":{"line":114,"column":40}},"73":{"start":{"line":117,"column":5},"end":{"line":117,"column":11}},"74":{"start":{"line":120,"column":5},"end":{"line":120,"column":55}},"75":{"start":{"line":121,"column":5},"end":{"line":126,"column":8}},"76":{"start":{"line":122,"column":6},"end":{"line":122,"column":39}},"77":{"start":{"line":122,"column":33},"end":{"line":122,"column":39}},"78":{"start":{"line":123,"column":6},"end":{"line":125,"column":7}},"79":{"start":{"line":124,"column":7},"end":{"line":124,"column":45}},"80":{"start":{"line":127,"column":5},"end":{"line":127,"column":11}},"81":{"start":{"line":132,"column":3},"end":{"line":135,"column":4}},"82":{"start":{"line":133,"column":4},"end":{"line":133,"column":19}},"83":{"start":{"line":134,"column":4},"end":{"line":134,"column":15}},"84":{"start":{"line":136,"column":3},"end":{"line":137,"column":50}},"85":{"start":{"line":136,"column":22},"end":{"line":136,"column":53}},"86":{"start":{"line":137,"column":8},"end":{"line":137,"column":50}},"87":{"start":{"line":138,"column":3},"end":{"line":190,"column":4}},"88":{"start":{"line":139,"column":4},"end":{"line":139,"column":18}},"89":{"start":{"line":140,"column":4},"end":{"line":143,"column":5}},"90":{"start":{"line":141,"column":5},"end":{"line":141,"column":25}},"91":{"start":{"line":142,"column":5},"end":{"line":142,"column":31}},"92":{"start":{"line":144,"column":4},"end":{"line":144,"column":92}},"93":{"start":{"line":145,"column":4},"end":{"line":147,"column":5}},"94":{"start":{"line":146,"column":5},"end":{"line":146,"column":24}},"95":{"start":{"line":148,"column":4},"end":{"line":148,"column":59}},"96":{"start":{"line":149,"column":4},"end":{"line":160,"column":7}},"97":{"start":{"line":150,"column":5},"end":{"line":159,"column":6}},"98":{"start":{"line":151,"column":6},"end":{"line":155,"column":9}},"99":{"start":{"line":152,"column":7},"end":{"line":154,"column":8}},"100":{"start":{"line":153,"column":8},"end":{"line":153,"column":42}},"101":{"start":{"line":157,"column":6},"end":{"line":157,"column":36}},"102":{"start":{"line":158,"column":6},"end":{"line":158,"column":40}},"103":{"start":{"line":163,"column":4},"end":{"line":189,"column":5}},"104":{"start":{"line":164,"column":5},"end":{"line":164,"column":29}},"105":{"start":{"line":165,"column":5},"end":{"line":165,"column":31}},"106":{"start":{"line":166,"column":5},"end":{"line":166,"column":112}},"107":{"start":{"line":167,"column":5},"end":{"line":167,"column":24}},"108":{"start":{"line":168,"column":5},"end":{"line":168,"column":79}},"109":{"start":{"line":169,"column":5},"end":{"line":180,"column":8}},"110":{"start":{"line":170,"column":6},"end":{"line":179,"column":7}},"111":{"start":{"line":171,"column":7},"end":{"line":175,"column":10}},"112":{"start":{"line":172,"column":8},"end":{"line":174,"column":9}},"113":{"start":{"line":173,"column":9},"end":{"line":173,"column":43}},"114":{"start":{"line":177,"column":7},"end":{"line":177,"column":37}},"115":{"start":{"line":178,"column":7},"end":{"line":178,"column":41}},"116":{"start":{"line":183,"column":5},"end":{"line":183,"column":82}},"117":{"start":{"line":184,"column":5},"end":{"line":188,"column":8}},"118":{"start":{"line":185,"column":6},"end":{"line":187,"column":7}},"119":{"start":{"line":186,"column":7},"end":{"line":186,"column":41}},"120":{"start":{"line":194,"column":3},"end":{"line":197,"column":4}},"121":{"start":{"line":195,"column":4},"end":{"line":195,"column":19}},"122":{"start":{"line":196,"column":4},"end":{"line":196,"column":15}},"123":{"start":{"line":198,"column":3},"end":{"line":199,"column":50}},"124":{"start":{"line":198,"column":22},"end":{"line":198,"column":53}},"125":{"start":{"line":199,"column":8},"end":{"line":199,"column":50}},"126":{"start":{"line":200,"column":3},"end":{"line":238,"column":4}},"127":{"start":{"line":201,"column":4},"end":{"line":201,"column":53}},"128":{"start":{"line":202,"column":4},"end":{"line":202,"column":59}},"129":{"start":{"line":203,"column":4},"end":{"line":214,"column":7}},"130":{"start":{"line":204,"column":5},"end":{"line":213,"column":6}},"131":{"start":{"line":205,"column":6},"end":{"line":209,"column":9}},"132":{"start":{"line":206,"column":7},"end":{"line":208,"column":8}},"133":{"start":{"line":207,"column":8},"end":{"line":207,"column":42}},"134":{"start":{"line":211,"column":6},"end":{"line":211,"column":36}},"135":{"start":{"line":212,"column":6},"end":{"line":212,"column":40}},"136":{"start":{"line":216,"column":4},"end":{"line":237,"column":5}},"137":{"start":{"line":217,"column":5},"end":{"line":217,"column":89}},"138":{"start":{"line":218,"column":5},"end":{"line":218,"column":95}},"139":{"start":{"line":219,"column":5},"end":{"line":219,"column":18}},"140":{"start":{"line":220,"column":5},"end":{"line":231,"column":8}},"141":{"start":{"line":221,"column":6},"end":{"line":230,"column":7}},"142":{"start":{"line":222,"column":7},"end":{"line":226,"column":10}},"143":{"start":{"line":223,"column":8},"end":{"line":225,"column":9}},"144":{"start":{"line":224,"column":9},"end":{"line":224,"column":43}},"145":{"start":{"line":228,"column":7},"end":{"line":228,"column":37}},"146":{"start":{"line":229,"column":7},"end":{"line":229,"column":41}},"147":{"start":{"line":233,"column":5},"end":{"line":233,"column":60}},"148":{"start":{"line":234,"column":5},"end":{"line":236,"column":6}},"149":{"start":{"line":235,"column":6},"end":{"line":235,"column":40}},"150":{"start":{"line":241,"column":3},"end":{"line":241,"column":27}},"151":{"start":{"line":242,"column":3},"end":{"line":242,"column":21}},"152":{"start":{"line":245,"column":1},"end":{"line":245,"column":17}},"153":{"start":{"line":247,"column":0},"end":{"line":247,"column":44}}},"branchMap":{"1":{"line":14,"type":"if","locations":[{"start":{"line":14,"column":4},"end":{"line":14,"column":4}},{"start":{"line":14,"column":4},"end":{"line":14,"column":4}}]},"2":{"line":22,"type":"if","locations":[{"start":{"line":22,"column":4},"end":{"line":22,"column":4}},{"start":{"line":22,"column":4},"end":{"line":22,"column":4}}]},"3":{"line":30,"type":"if","locations":[{"start":{"line":30,"column":3},"end":{"line":30,"column":3}},{"start":{"line":30,"column":3},"end":{"line":30,"column":3}}]},"4":{"line":32,"type":"if","locations":[{"start":{"line":32,"column":3},"end":{"line":32,"column":3}},{"start":{"line":32,"column":3},"end":{"line":32,"column":3}}]},"5":{"line":34,"type":"if","locations":[{"start":{"line":34,"column":10},"end":{"line":34,"column":10}},{"start":{"line":34,"column":10},"end":{"line":34,"column":10}}]},"6":{"line":41,"type":"if","locations":[{"start":{"line":41,"column":4},"end":{"line":41,"column":4}},{"start":{"line":41,"column":4},"end":{"line":41,"column":4}}]},"7":{"line":48,"type":"if","locations":[{"start":{"line":48,"column":3},"end":{"line":48,"column":3}},{"start":{"line":48,"column":3},"end":{"line":48,"column":3}}]},"8":{"line":52,"type":"if","locations":[{"start":{"line":52,"column":10},"end":{"line":52,"column":10}},{"start":{"line":52,"column":10},"end":{"line":52,"column":10}}]},"9":{"line":56,"type":"if","locations":[{"start":{"line":56,"column":3},"end":{"line":56,"column":3}},{"start":{"line":56,"column":3},"end":{"line":56,"column":3}}]},"10":{"line":61,"type":"if","locations":[{"start":{"line":61,"column":3},"end":{"line":61,"column":3}},{"start":{"line":61,"column":3},"end":{"line":61,"column":3}}]},"11":{"line":64,"type":"if","locations":[{"start":{"line":64,"column":3},"end":{"line":64,"column":3}},{"start":{"line":64,"column":3},"end":{"line":64,"column":3}}]},"12":{"line":67,"type":"if","locations":[{"start":{"line":67,"column":3},"end":{"line":67,"column":3}},{"start":{"line":67,"column":3},"end":{"line":67,"column":3}}]},"13":{"line":69,"type":"if","locations":[{"start":{"line":69,"column":4},"end":{"line":69,"column":4}},{"start":{"line":69,"column":4},"end":{"line":69,"column":4}}]},"14":{"line":73,"type":"if","locations":[{"start":{"line":73,"column":3},"end":{"line":73,"column":3}},{"start":{"line":73,"column":3},"end":{"line":73,"column":3}}]},"15":{"line":76,"type":"if","locations":[{"start":{"line":76,"column":3},"end":{"line":76,"column":3}},{"start":{"line":76,"column":3},"end":{"line":76,"column":3}}]},"16":{"line":78,"type":"if","locations":[{"start":{"line":78,"column":4},"end":{"line":78,"column":4}},{"start":{"line":78,"column":4},"end":{"line":78,"column":4}}]},"17":{"line":82,"type":"if","locations":[{"start":{"line":82,"column":3},"end":{"line":82,"column":3}},{"start":{"line":82,"column":3},"end":{"line":82,"column":3}}]},"18":{"line":86,"type":"switch","locations":[{"start":{"line":88,"column":4},"end":{"line":95,"column":11}},{"start":{"line":97,"column":4},"end":{"line":104,"column":11}},{"start":{"line":106,"column":4},"end":{"line":117,"column":11}},{"start":{"line":119,"column":4},"end":{"line":127,"column":11}}]},"19":{"line":91,"type":"if","locations":[{"start":{"line":91,"column":6},"end":{"line":91,"column":6}},{"start":{"line":91,"column":6},"end":{"line":91,"column":6}}]},"20":{"line":100,"type":"if","locations":[{"start":{"line":100,"column":6},"end":{"line":100,"column":6}},{"start":{"line":100,"column":6},"end":{"line":100,"column":6}}]},"21":{"line":109,"type":"if","locations":[{"start":{"line":109,"column":6},"end":{"line":109,"column":6}},{"start":{"line":109,"column":6},"end":{"line":109,"column":6}}]},"22":{"line":113,"type":"if","locations":[{"start":{"line":113,"column":6},"end":{"line":113,"column":6}},{"start":{"line":113,"column":6},"end":{"line":113,"column":6}}]},"23":{"line":123,"type":"if","locations":[{"start":{"line":123,"column":6},"end":{"line":123,"column":6}},{"start":{"line":123,"column":6},"end":{"line":123,"column":6}}]},"24":{"line":132,"type":"if","locations":[{"start":{"line":132,"column":3},"end":{"line":132,"column":3}},{"start":{"line":132,"column":3},"end":{"line":132,"column":3}}]},"25":{"line":136,"type":"if","locations":[{"start":{"line":136,"column":3},"end":{"line":136,"column":3}},{"start":{"line":136,"column":3},"end":{"line":136,"column":3}}]},"26":{"line":138,"type":"if","locations":[{"start":{"line":138,"column":3},"end":{"line":138,"column":3}},{"start":{"line":138,"column":3},"end":{"line":138,"column":3}}]},"27":{"line":140,"type":"if","locations":[{"start":{"line":140,"column":4},"end":{"line":140,"column":4}},{"start":{"line":140,"column":4},"end":{"line":140,"column":4}}]},"28":{"line":145,"type":"if","locations":[{"start":{"line":145,"column":4},"end":{"line":145,"column":4}},{"start":{"line":145,"column":4},"end":{"line":145,"column":4}}]},"29":{"line":150,"type":"if","locations":[{"start":{"line":150,"column":5},"end":{"line":150,"column":5}},{"start":{"line":150,"column":5},"end":{"line":150,"column":5}}]},"30":{"line":152,"type":"if","locations":[{"start":{"line":152,"column":7},"end":{"line":152,"column":7}},{"start":{"line":152,"column":7},"end":{"line":152,"column":7}}]},"31":{"line":163,"type":"if","locations":[{"start":{"line":163,"column":4},"end":{"line":163,"column":4}},{"start":{"line":163,"column":4},"end":{"line":163,"column":4}}]},"32":{"line":170,"type":"if","locations":[{"start":{"line":170,"column":6},"end":{"line":170,"column":6}},{"start":{"line":170,"column":6},"end":{"line":170,"column":6}}]},"33":{"line":172,"type":"if","locations":[{"start":{"line":172,"column":8},"end":{"line":172,"column":8}},{"start":{"line":172,"column":8},"end":{"line":172,"column":8}}]},"34":{"line":185,"type":"if","locations":[{"start":{"line":185,"column":6},"end":{"line":185,"column":6}},{"start":{"line":185,"column":6},"end":{"line":185,"column":6}}]},"35":{"line":194,"type":"if","locations":[{"start":{"line":194,"column":3},"end":{"line":194,"column":3}},{"start":{"line":194,"column":3},"end":{"line":194,"column":3}}]},"36":{"line":198,"type":"if","locations":[{"start":{"line":198,"column":3},"end":{"line":198,"column":3}},{"start":{"line":198,"column":3},"end":{"line":198,"column":3}}]},"37":{"line":200,"type":"if","locations":[{"start":{"line":200,"column":3},"end":{"line":200,"column":3}},{"start":{"line":200,"column":3},"end":{"line":200,"column":3}}]},"38":{"line":204,"type":"if","locations":[{"start":{"line":204,"column":5},"end":{"line":204,"column":5}},{"start":{"line":204,"column":5},"end":{"line":204,"column":5}}]},"39":{"line":206,"type":"if","locations":[{"start":{"line":206,"column":7},"end":{"line":206,"column":7}},{"start":{"line":206,"column":7},"end":{"line":206,"column":7}}]},"40":{"line":216,"type":"if","locations":[{"start":{"line":216,"column":4},"end":{"line":216,"column":4}},{"start":{"line":216,"column":4},"end":{"line":216,"column":4}}]},"41":{"line":221,"type":"if","locations":[{"start":{"line":221,"column":6},"end":{"line":221,"column":6}},{"start":{"line":221,"column":6},"end":{"line":221,"column":6}}]},"42":{"line":223,"type":"if","locations":[{"start":{"line":223,"column":8},"end":{"line":223,"column":8}},{"start":{"line":223,"column":8},"end":{"line":223,"column":8}}]},"43":{"line":234,"type":"if","locations":[{"start":{"line":234,"column":5},"end":{"line":234,"column":5}},{"start":{"line":234,"column":5},"end":{"line":234,"column":5}}]},"44":{"line":241,"type":"binary-expr","locations":[{"start":{"line":241,"column":8},"end":{"line":241,"column":10}},{"start":{"line":241,"column":14},"end":{"line":241,"column":26}}]}}},"D:\\PROJECTS_02\\model\\db.js":{"path":"D:\\PROJECTS_02\\model\\db.js","s":{"1":1,"2":1,"3":1,"4":1,"5":1,"6":1,"7":1,"8":1,"9":1,"10":1,"11":1,"12":1,"13":1,"14":1,"15":1,"16":1,"17":1,"18":1},"b":{},"f":{"1":1},"fnMap":{"1":{"name":"db","line":3,"loc":{"start":{"line":3,"column":0},"end":{"line":3,"column":50}}}},"statementMap":{"1":{"start":{"line":3,"column":0},"end":{"line":43,"column":1}},"2":{"start":{"line":4,"column":4},"end":{"line":4,"column":20}},"3":{"start":{"line":5,"column":4},"end":{"line":5,"column":21}},"4":{"start":{"line":6,"column":4},"end":{"line":6,"column":21}},"5":{"start":{"line":7,"column":4},"end":{"line":7,"column":21}},"6":{"start":{"line":8,"column":4},"end":{"line":8,"column":25}},"7":{"start":{"line":9,"column":4},"end":{"line":9,"column":33}},"8":{"start":{"line":10,"column":4},"end":{"line":15,"column":7}},"9":{"start":{"line":16,"column":4},"end":{"line":18,"column":7}},"10":{"start":{"line":19,"column":4},"end":{"line":21,"column":7}},"11":{"start":{"line":22,"column":4},"end":{"line":24,"column":7}},"12":{"start":{"line":25,"column":4},"end":{"line":27,"column":7}},"13":{"start":{"line":28,"column":4},"end":{"line":30,"column":7}},"14":{"start":{"line":31,"column":4},"end":{"line":33,"column":7}},"15":{"start":{"line":34,"column":4},"end":{"line":36,"column":7}},"16":{"start":{"line":37,"column":4},"end":{"line":39,"column":7}},"17":{"start":{"line":40,"column":4},"end":{"line":42,"column":7}},"18":{"start":{"line":47,"column":0},"end":{"line":47,"column":20}}},"branchMap":{}},"D:\\PROJECTS_02\\model\\user.js":{"path":"D:\\PROJECTS_02\\model\\user.js","s":{"1":1,"2":1,"3":1,"4":1,"5":0,"6":0,"7":0,"8":0,"9":0,"10":0,"11":0,"12":0,"13":0,"14":0,"15":0,"16":0,"17":0,"18":0,"19":0,"20":0,"21":0,"22":0,"23":0,"24":0,"25":0,"26":0,"27":0,"28":0,"29":0,"30":0,"31":0,"32":0,"33":0,"34":0,"35":0,"36":0,"37":0,"38":0,"39":0,"40":0,"41":0,"42":0,"43":1,"44":0,"45":0,"46":0,"47":0,"48":0,"49":0,"50":1,"51":1,"52":1,"53":1,"54":0,"55":0,"56":0,"57":0,"58":1,"59":0,"60":0,"61":0,"62":0,"63":0,"64":0,"65":0,"66":0,"67":1,"68":0,"69":0,"70":0,"71":0,"72":0,"73":0,"74":0,"75":0,"76":1,"77":0,"78":0,"79":0,"80":0,"81":0,"82":0,"83":0,"84":0,"85":1,"86":0,"87":0,"88":0,"89":0,"90":0,"91":0,"92":0,"93":0,"94":1,"95":0,"96":0,"97":0,"98":0,"99":0,"100":0,"101":0,"102":0,"103":1,"104":0,"105":0,"106":0,"107":0,"108":0,"109":0,"110":0,"111":0,"112":1},"b":{"1":[0,0],"2":[0,0,0],"3":[0,0],"4":[0,0],"5":[0,0],"6":[0,0,0],"7":[0,0],"8":[0,0,0],"9":[0,0],"10":[0,0],"11":[0,0],"12":[0,0,0],"13":[0,0],"14":[0,0],"15":[0,0],"16":[0,0],"17":[0,0],"18":[0,0],"19":[0,0],"20":[0,0],"21":[0,0],"22":[0,0],"23":[0,0],"24":[0,0],"25":[0,0],"26":[0,0],"27":[0,0],"28":[0,0],"29":[0,0]},"f":{"1":1,"2":0,"3":0,"4":0,"5":0,"6":0,"7":0,"8":1,"9":0,"10":0,"11":0,"12":0,"13":0,"14":0,"15":0,"16":0,"17":0,"18":0,"19":0,"20":0,"21":0},"fnMap":{"1":{"name":"userModel","line":1,"loc":{"start":{"line":1,"column":0},"end":{"line":1,"column":143}}},"2":{"name":"(anonymous_2)","line":19,"loc":{"start":{"line":19,"column":18},"end":{"line":19,"column":38}}},"3":{"name":"(anonymous_3)","line":34,"loc":{"start":{"line":34,"column":22},"end":{"line":34,"column":42}}},"4":{"name":"(anonymous_4)","line":44,"loc":{"start":{"line":44,"column":22},"end":{"line":44,"column":43}}},"5":{"name":"(anonymous_5)","line":59,"loc":{"start":{"line":59,"column":22},"end":{"line":59,"column":42}}},"6":{"name":"(anonymous_6)","line":93,"loc":{"start":{"line":93,"column":22},"end":{"line":93,"column":39}}},"7":{"name":"(anonymous_7)","line":105,"loc":{"start":{"line":105,"column":27},"end":{"line":105,"column":39}}},"8":{"name":"(anonymous_8)","line":117,"loc":{"start":{"line":117,"column":19},"end":{"line":117,"column":45}}},"9":{"name":"(anonymous_9)","line":119,"loc":{"start":{"line":119,"column":21},"end":{"line":119,"column":42}}},"10":{"name":"(anonymous_10)","line":128,"loc":{"start":{"line":128,"column":22},"end":{"line":128,"column":51}}},"11":{"name":"(anonymous_11)","line":132,"loc":{"start":{"line":132,"column":18},"end":{"line":132,"column":39}}},"12":{"name":"(anonymous_12)","line":140,"loc":{"start":{"line":140,"column":22},"end":{"line":140,"column":42}}},"13":{"name":"(anonymous_13)","line":142,"loc":{"start":{"line":142,"column":25},"end":{"line":142,"column":54}}},"14":{"name":"(anonymous_14)","line":155,"loc":{"start":{"line":155,"column":25},"end":{"line":155,"column":55}}},"15":{"name":"(anonymous_15)","line":159,"loc":{"start":{"line":159,"column":11},"end":{"line":159,"column":31}}},"16":{"name":"(anonymous_16)","line":172,"loc":{"start":{"line":172,"column":22},"end":{"line":172,"column":49}}},"17":{"name":"(anonymous_17)","line":176,"loc":{"start":{"line":176,"column":11},"end":{"line":176,"column":31}}},"18":{"name":"(anonymous_18)","line":189,"loc":{"start":{"line":189,"column":28},"end":{"line":189,"column":55}}},"19":{"name":"(anonymous_19)","line":193,"loc":{"start":{"line":193,"column":11},"end":{"line":193,"column":31}}},"20":{"name":"(anonymous_20)","line":206,"loc":{"start":{"line":206,"column":31},"end":{"line":206,"column":58}}},"21":{"name":"(anonymous_21)","line":210,"loc":{"start":{"line":210,"column":11},"end":{"line":210,"column":31}}}},"statementMap":{"1":{"start":{"line":1,"column":0},"end":{"line":223,"column":1}},"2":{"start":{"line":2,"column":4},"end":{"line":2,"column":20}},"3":{"start":{"line":3,"column":4},"end":{"line":15,"column":5}},"4":{"start":{"line":17,"column":4},"end":{"line":103,"column":6}},"5":{"start":{"line":20,"column":12},"end":{"line":20,"column":31}},"6":{"start":{"line":21,"column":12},"end":{"line":21,"column":33}},"7":{"start":{"line":22,"column":12},"end":{"line":22,"column":25}},"8":{"start":{"line":23,"column":12},"end":{"line":23,"column":26}},"9":{"start":{"line":24,"column":12},"end":{"line":29,"column":13}},"10":{"start":{"line":25,"column":16},"end":{"line":25,"column":45}},"11":{"start":{"line":26,"column":16},"end":{"line":28,"column":17}},"12":{"start":{"line":27,"column":20},"end":{"line":27,"column":38}},"13":{"start":{"line":30,"column":12},"end":{"line":30,"column":30}},"14":{"start":{"line":35,"column":16},"end":{"line":35,"column":35}},"15":{"start":{"line":36,"column":16},"end":{"line":36,"column":37}},"16":{"start":{"line":37,"column":16},"end":{"line":39,"column":17}},"17":{"start":{"line":38,"column":20},"end":{"line":38,"column":38}},"18":{"start":{"line":40,"column":16},"end":{"line":40,"column":34}},"19":{"start":{"line":45,"column":16},"end":{"line":45,"column":35}},"20":{"start":{"line":46,"column":16},"end":{"line":46,"column":37}},"21":{"start":{"line":47,"column":16},"end":{"line":47,"column":29}},"22":{"start":{"line":48,"column":16},"end":{"line":48,"column":30}},"23":{"start":{"line":49,"column":16},"end":{"line":54,"column":17}},"24":{"start":{"line":50,"column":20},"end":{"line":50,"column":50}},"25":{"start":{"line":51,"column":20},"end":{"line":53,"column":21}},"26":{"start":{"line":52,"column":24},"end":{"line":52,"column":42}},"27":{"start":{"line":55,"column":16},"end":{"line":55,"column":34}},"28":{"start":{"line":60,"column":16},"end":{"line":60,"column":35}},"29":{"start":{"line":61,"column":16},"end":{"line":61,"column":37}},"30":{"start":{"line":62,"column":16},"end":{"line":62,"column":29}},"31":{"start":{"line":63,"column":16},"end":{"line":63,"column":30}},"32":{"start":{"line":64,"column":16},"end":{"line":69,"column":17}},"33":{"start":{"line":65,"column":20},"end":{"line":65,"column":49}},"34":{"start":{"line":66,"column":20},"end":{"line":68,"column":21}},"35":{"start":{"line":67,"column":24},"end":{"line":67,"column":42}},"36":{"start":{"line":70,"column":16},"end":{"line":70,"column":34}},"37":{"start":{"line":94,"column":16},"end":{"line":94,"column":35}},"38":{"start":{"line":95,"column":16},"end":{"line":95,"column":37}},"39":{"start":{"line":96,"column":16},"end":{"line":96,"column":934}},"40":{"start":{"line":97,"column":16},"end":{"line":99,"column":17}},"41":{"start":{"line":98,"column":20},"end":{"line":98,"column":56}},"42":{"start":{"line":100,"column":16},"end":{"line":100,"column":34}},"43":{"start":{"line":105,"column":4},"end":{"line":114,"column":5}},"44":{"start":{"line":106,"column":8},"end":{"line":106,"column":25}},"45":{"start":{"line":107,"column":8},"end":{"line":107,"column":51}},"46":{"start":{"line":108,"column":8},"end":{"line":112,"column":9}},"47":{"start":{"line":109,"column":12},"end":{"line":111,"column":13}},"48":{"start":{"line":110,"column":16},"end":{"line":110,"column":102}},"49":{"start":{"line":113,"column":8},"end":{"line":113,"column":21}},"50":{"start":{"line":116,"column":4},"end":{"line":116,"column":62}},"51":{"start":{"line":117,"column":4},"end":{"line":127,"column":5}},"52":{"start":{"line":118,"column":8},"end":{"line":118,"column":37}},"53":{"start":{"line":119,"column":8},"end":{"line":126,"column":11}},"54":{"start":{"line":120,"column":12},"end":{"line":125,"column":13}},"55":{"start":{"line":121,"column":16},"end":{"line":121,"column":34}},"56":{"start":{"line":123,"column":16},"end":{"line":123,"column":50}},"57":{"start":{"line":124,"column":16},"end":{"line":124,"column":43}},"58":{"start":{"line":128,"column":4},"end":{"line":139,"column":5}},"59":{"start":{"line":129,"column":8},"end":{"line":129,"column":37}},"60":{"start":{"line":130,"column":8},"end":{"line":130,"column":20}},"61":{"start":{"line":131,"column":8},"end":{"line":131,"column":35}},"62":{"start":{"line":132,"column":8},"end":{"line":137,"column":11}},"63":{"start":{"line":133,"column":12},"end":{"line":135,"column":13}},"64":{"start":{"line":134,"column":16},"end":{"line":134,"column":34}},"65":{"start":{"line":136,"column":12},"end":{"line":136,"column":30}},"66":{"start":{"line":138,"column":8},"end":{"line":138,"column":19}},"67":{"start":{"line":140,"column":4},"end":{"line":154,"column":5}},"68":{"start":{"line":141,"column":8},"end":{"line":141,"column":26}},"69":{"start":{"line":142,"column":8},"end":{"line":153,"column":11}},"70":{"start":{"line":143,"column":12},"end":{"line":152,"column":13}},"71":{"start":{"line":144,"column":16},"end":{"line":144,"column":33}},"72":{"start":{"line":145,"column":16},"end":{"line":145,"column":34}},"73":{"start":{"line":147,"column":16},"end":{"line":151,"column":17}},"74":{"start":{"line":148,"column":20},"end":{"line":148,"column":38}},"75":{"start":{"line":150,"column":20},"end":{"line":150,"column":38}},"76":{"start":{"line":155,"column":4},"end":{"line":171,"column":5}},"77":{"start":{"line":156,"column":8},"end":{"line":156,"column":26}},"78":{"start":{"line":157,"column":8},"end":{"line":170,"column":11}},"79":{"start":{"line":160,"column":12},"end":{"line":169,"column":13}},"80":{"start":{"line":161,"column":16},"end":{"line":161,"column":33}},"81":{"start":{"line":162,"column":16},"end":{"line":162,"column":34}},"82":{"start":{"line":164,"column":16},"end":{"line":168,"column":17}},"83":{"start":{"line":165,"column":20},"end":{"line":165,"column":38}},"84":{"start":{"line":167,"column":20},"end":{"line":167,"column":37}},"85":{"start":{"line":172,"column":4},"end":{"line":188,"column":5}},"86":{"start":{"line":173,"column":8},"end":{"line":173,"column":26}},"87":{"start":{"line":174,"column":8},"end":{"line":187,"column":11}},"88":{"start":{"line":177,"column":12},"end":{"line":186,"column":13}},"89":{"start":{"line":178,"column":16},"end":{"line":178,"column":33}},"90":{"start":{"line":179,"column":16},"end":{"line":179,"column":34}},"91":{"start":{"line":181,"column":16},"end":{"line":185,"column":17}},"92":{"start":{"line":182,"column":20},"end":{"line":182,"column":38}},"93":{"start":{"line":184,"column":20},"end":{"line":184,"column":37}},"94":{"start":{"line":189,"column":4},"end":{"line":205,"column":5}},"95":{"start":{"line":190,"column":8},"end":{"line":190,"column":26}},"96":{"start":{"line":191,"column":8},"end":{"line":204,"column":11}},"97":{"start":{"line":194,"column":12},"end":{"line":203,"column":13}},"98":{"start":{"line":195,"column":16},"end":{"line":195,"column":33}},"99":{"start":{"line":196,"column":16},"end":{"line":196,"column":33}},"100":{"start":{"line":198,"column":16},"end":{"line":202,"column":17}},"101":{"start":{"line":199,"column":20},"end":{"line":199,"column":38}},"102":{"start":{"line":201,"column":20},"end":{"line":201,"column":37}},"103":{"start":{"line":206,"column":4},"end":{"line":222,"column":5}},"104":{"start":{"line":207,"column":8},"end":{"line":207,"column":26}},"105":{"start":{"line":208,"column":8},"end":{"line":221,"column":11}},"106":{"start":{"line":211,"column":12},"end":{"line":220,"column":13}},"107":{"start":{"line":212,"column":16},"end":{"line":212,"column":33}},"108":{"start":{"line":213,"column":16},"end":{"line":213,"column":33}},"109":{"start":{"line":215,"column":16},"end":{"line":219,"column":17}},"110":{"start":{"line":216,"column":20},"end":{"line":216,"column":38}},"111":{"start":{"line":218,"column":20},"end":{"line":218,"column":37}},"112":{"start":{"line":225,"column":0},"end":{"line":225,"column":27}}},"branchMap":{"1":{"line":24,"type":"if","locations":[{"start":{"line":24,"column":12},"end":{"line":24,"column":12}},{"start":{"line":24,"column":12},"end":{"line":24,"column":12}}]},"2":{"line":24,"type":"binary-expr","locations":[{"start":{"line":24,"column":16},"end":{"line":24,"column":32}},{"start":{"line":24,"column":36},"end":{"line":24,"column":51}},{"start":{"line":24,"column":55},"end":{"line":24,"column":76}}]},"3":{"line":26,"type":"if","locations":[{"start":{"line":26,"column":16},"end":{"line":26,"column":16}},{"start":{"line":26,"column":16},"end":{"line":26,"column":16}}]},"4":{"line":26,"type":"binary-expr","locations":[{"start":{"line":26,"column":20},"end":{"line":26,"column":37}},{"start":{"line":26,"column":41},"end":{"line":26,"column":59}}]},"5":{"line":37,"type":"if","locations":[{"start":{"line":37,"column":16},"end":{"line":37,"column":16}},{"start":{"line":37,"column":16},"end":{"line":37,"column":16}}]},"6":{"line":37,"type":"binary-expr","locations":[{"start":{"line":37,"column":20},"end":{"line":37,"column":36}},{"start":{"line":37,"column":40},"end":{"line":37,"column":55}},{"start":{"line":37,"column":59},"end":{"line":37,"column":80}}]},"7":{"line":49,"type":"if","locations":[{"start":{"line":49,"column":16},"end":{"line":49,"column":16}},{"start":{"line":49,"column":16},"end":{"line":49,"column":16}}]},"8":{"line":49,"type":"binary-expr","locations":[{"start":{"line":49,"column":20},"end":{"line":49,"column":37}},{"start":{"line":49,"column":41},"end":{"line":49,"column":57}},{"start":{"line":49,"column":61},"end":{"line":49,"column":82}}]},"9":{"line":51,"type":"if","locations":[{"start":{"line":51,"column":20},"end":{"line":51,"column":20}},{"start":{"line":51,"column":20},"end":{"line":51,"column":20}}]},"10":{"line":51,"type":"binary-expr","locations":[{"start":{"line":51,"column":24},"end":{"line":51,"column":41}},{"start":{"line":51,"column":45},"end":{"line":51,"column":63}}]},"11":{"line":64,"type":"if","locations":[{"start":{"line":64,"column":16},"end":{"line":64,"column":16}},{"start":{"line":64,"column":16},"end":{"line":64,"column":16}}]},"12":{"line":64,"type":"binary-expr","locations":[{"start":{"line":64,"column":20},"end":{"line":64,"column":36}},{"start":{"line":64,"column":40},"end":{"line":64,"column":55}},{"start":{"line":64,"column":59},"end":{"line":64,"column":80}}]},"13":{"line":66,"type":"if","locations":[{"start":{"line":66,"column":20},"end":{"line":66,"column":20}},{"start":{"line":66,"column":20},"end":{"line":66,"column":20}}]},"14":{"line":66,"type":"binary-expr","locations":[{"start":{"line":66,"column":24},"end":{"line":66,"column":41}},{"start":{"line":66,"column":45},"end":{"line":66,"column":63}}]},"15":{"line":97,"type":"if","locations":[{"start":{"line":97,"column":16},"end":{"line":97,"column":16}},{"start":{"line":97,"column":16},"end":{"line":97,"column":16}}]},"16":{"line":97,"type":"binary-expr","locations":[{"start":{"line":97,"column":20},"end":{"line":97,"column":33}},{"start":{"line":97,"column":37},"end":{"line":97,"column":49}}]},"17":{"line":109,"type":"if","locations":[{"start":{"line":109,"column":12},"end":{"line":109,"column":12}},{"start":{"line":109,"column":12},"end":{"line":109,"column":12}}]},"18":{"line":120,"type":"if","locations":[{"start":{"line":120,"column":12},"end":{"line":120,"column":12}},{"start":{"line":120,"column":12},"end":{"line":120,"column":12}}]},"19":{"line":133,"type":"if","locations":[{"start":{"line":133,"column":12},"end":{"line":133,"column":12}},{"start":{"line":133,"column":12},"end":{"line":133,"column":12}}]},"20":{"line":143,"type":"if","locations":[{"start":{"line":143,"column":12},"end":{"line":143,"column":12}},{"start":{"line":143,"column":12},"end":{"line":143,"column":12}}]},"21":{"line":147,"type":"if","locations":[{"start":{"line":147,"column":16},"end":{"line":147,"column":16}},{"start":{"line":147,"column":16},"end":{"line":147,"column":16}}]},"22":{"line":160,"type":"if","locations":[{"start":{"line":160,"column":12},"end":{"line":160,"column":12}},{"start":{"line":160,"column":12},"end":{"line":160,"column":12}}]},"23":{"line":164,"type":"if","locations":[{"start":{"line":164,"column":16},"end":{"line":164,"column":16}},{"start":{"line":164,"column":16},"end":{"line":164,"column":16}}]},"24":{"line":177,"type":"if","locations":[{"start":{"line":177,"column":12},"end":{"line":177,"column":12}},{"start":{"line":177,"column":12},"end":{"line":177,"column":12}}]},"25":{"line":181,"type":"if","locations":[{"start":{"line":181,"column":16},"end":{"line":181,"column":16}},{"start":{"line":181,"column":16},"end":{"line":181,"column":16}}]},"26":{"line":194,"type":"if","locations":[{"start":{"line":194,"column":12},"end":{"line":194,"column":12}},{"start":{"line":194,"column":12},"end":{"line":194,"column":12}}]},"27":{"line":198,"type":"if","locations":[{"start":{"line":198,"column":16},"end":{"line":198,"column":16}},{"start":{"line":198,"column":16},"end":{"line":198,"column":16}}]},"28":{"line":211,"type":"if","locations":[{"start":{"line":211,"column":12},"end":{"line":211,"column":12}},{"start":{"line":211,"column":12},"end":{"line":211,"column":12}}]},"29":{"line":215,"type":"if","locations":[{"start":{"line":215,"column":16},"end":{"line":215,"column":16}},{"start":{"line":215,"column":16},"end":{"line":215,"column":16}}]}}},"D:\\PROJECTS_02\\model\\cv.js":{"path":"D:\\PROJECTS_02\\model\\cv.js","s":{"1":1,"2":0,"3":0,"4":0,"5":0,"6":0,"7":0,"8":0,"9":0,"10":0,"11":0,"12":0,"13":0,"14":0,"15":0,"16":0,"17":0,"18":0,"19":0,"20":0,"21":0,"22":0,"23":0,"24":0,"25":0,"26":0,"27":0,"28":0,"29":0,"30":0,"31":0,"32":0,"33":0,"34":0,"35":0,"36":0,"37":0,"38":0,"39":0,"40":0,"41":0,"42":0,"43":0,"44":0,"45":0,"46":0,"47":0,"48":0,"49":0,"50":0,"51":0,"52":0,"53":0,"54":0,"55":0,"56":0,"57":0,"58":0,"59":0,"60":0,"61":0,"62":0,"63":0,"64":0,"65":0,"66":0,"67":0,"68":0,"69":0,"70":0,"71":0,"72":0,"73":0,"74":0,"75":0,"76":0,"77":0,"78":0,"79":0,"80":0,"81":0,"82":0,"83":0,"84":0,"85":0,"86":0,"87":0,"88":0,"89":0,"90":0,"91":0,"92":0,"93":0,"94":0,"95":0,"96":0,"97":0,"98":0,"99":0,"100":1},"b":{"1":[0,0],"2":[0,0,0],"3":[0,0],"4":[0,0],"5":[0,0],"6":[0,0],"7":[0,0],"8":[0,0],"9":[0,0],"10":[0,0],"11":[0,0],"12":[0,0],"13":[0,0],"14":[0,0],"15":[0,0],"16":[0,0],"17":[0,0],"18":[0,0],"19":[0,0],"20":[0,0],"21":[0,0],"22":[0,0],"23":[0,0]},"f":{"1":0,"2":0,"3":0,"4":0,"5":0,"6":0,"7":0,"8":0,"9":0,"10":0,"11":0,"12":0,"13":0,"14":0,"15":0,"16":0,"17":0,"18":0,"19":0},"fnMap":{"1":{"name":"CV","line":1,"loc":{"start":{"line":1,"column":0},"end":{"line":1,"column":63}}},"2":{"name":"(anonymous_2)","line":13,"loc":{"start":{"line":13,"column":18},"end":{"line":13,"column":33}}},"3":{"name":"(anonymous_3)","line":41,"loc":{"start":{"line":41,"column":18},"end":{"line":41,"column":35}}},"4":{"name":"(anonymous_4)","line":51,"loc":{"start":{"line":51,"column":18},"end":{"line":51,"column":31}}},"5":{"name":"(anonymous_5)","line":64,"loc":{"start":{"line":64,"column":27},"end":{"line":64,"column":38}}},"6":{"name":"(anonymous_6)","line":78,"loc":{"start":{"line":78,"column":21},"end":{"line":78,"column":49}}},"7":{"name":"(anonymous_7)","line":83,"loc":{"start":{"line":83,"column":11},"end":{"line":83,"column":39}}},"8":{"name":"(anonymous_8)","line":96,"loc":{"start":{"line":96,"column":20},"end":{"line":96,"column":46}}},"9":{"name":"(anonymous_9)","line":98,"loc":{"start":{"line":98,"column":25},"end":{"line":98,"column":53}}},"10":{"name":"(anonymous_10)","line":111,"loc":{"start":{"line":111,"column":23},"end":{"line":111,"column":49}}},"11":{"name":"(anonymous_11)","line":116,"loc":{"start":{"line":116,"column":15},"end":{"line":116,"column":43}}},"12":{"name":"(anonymous_12)","line":132,"loc":{"start":{"line":132,"column":21},"end":{"line":132,"column":47}}},"13":{"name":"(anonymous_13)","line":138,"loc":{"start":{"line":138,"column":16},"end":{"line":138,"column":36}}},"14":{"name":"(anonymous_14)","line":147,"loc":{"start":{"line":147,"column":16},"end":{"line":147,"column":44}}},"15":{"name":"(anonymous_15)","line":163,"loc":{"start":{"line":163,"column":15},"end":{"line":163,"column":43}}},"16":{"name":"(anonymous_16)","line":177,"loc":{"start":{"line":177,"column":26},"end":{"line":177,"column":46}}},"17":{"name":"(anonymous_17)","line":187,"loc":{"start":{"line":187,"column":40},"end":{"line":187,"column":68}}},"18":{"name":"(anonymous_18)","line":197,"loc":{"start":{"line":197,"column":31},"end":{"line":197,"column":65}}},"19":{"name":"(anonymous_19)","line":200,"loc":{"start":{"line":200,"column":24},"end":{"line":200,"column":52}}}},"statementMap":{"1":{"start":{"line":1,"column":0},"end":{"line":212,"column":1}},"2":{"start":{"line":2,"column":4},"end":{"line":2,"column":20}},"3":{"start":{"line":3,"column":4},"end":{"line":10,"column":5}},"4":{"start":{"line":12,"column":4},"end":{"line":60,"column":7}},"5":{"start":{"line":14,"column":12},"end":{"line":14,"column":31}},"6":{"start":{"line":15,"column":12},"end":{"line":15,"column":33}},"7":{"start":{"line":16,"column":12},"end":{"line":16,"column":25}},"8":{"start":{"line":17,"column":12},"end":{"line":17,"column":26}},"9":{"start":{"line":18,"column":12},"end":{"line":28,"column":13}},"10":{"start":{"line":19,"column":16},"end":{"line":24,"column":17}},"11":{"start":{"line":20,"column":20},"end":{"line":20,"column":45}},"12":{"start":{"line":21,"column":20},"end":{"line":23,"column":21}},"13":{"start":{"line":22,"column":24},"end":{"line":22,"column":42}},"14":{"start":{"line":25,"column":16},"end":{"line":25,"column":34}},"15":{"start":{"line":27,"column":16},"end":{"line":27,"column":29}},"16":{"start":{"line":42,"column":12},"end":{"line":42,"column":31}},"17":{"start":{"line":43,"column":12},"end":{"line":43,"column":32}},"18":{"start":{"line":44,"column":12},"end":{"line":46,"column":13}},"19":{"start":{"line":45,"column":16},"end":{"line":45,"column":34}},"20":{"start":{"line":47,"column":12},"end":{"line":47,"column":30}},"21":{"start":{"line":52,"column":12},"end":{"line":52,"column":31}},"22":{"start":{"line":53,"column":12},"end":{"line":53,"column":32}},"23":{"start":{"line":54,"column":12},"end":{"line":56,"column":13}},"24":{"start":{"line":55,"column":16},"end":{"line":55,"column":34}},"25":{"start":{"line":57,"column":12},"end":{"line":57,"column":30}},"26":{"start":{"line":64,"column":4},"end":{"line":73,"column":5}},"27":{"start":{"line":65,"column":8},"end":{"line":65,"column":25}},"28":{"start":{"line":66,"column":8},"end":{"line":66,"column":51}},"29":{"start":{"line":67,"column":8},"end":{"line":71,"column":9}},"30":{"start":{"line":68,"column":12},"end":{"line":70,"column":13}},"31":{"start":{"line":69,"column":16},"end":{"line":69,"column":102}},"32":{"start":{"line":72,"column":8},"end":{"line":72,"column":21}},"33":{"start":{"line":75,"column":4},"end":{"line":75,"column":58}},"34":{"start":{"line":78,"column":4},"end":{"line":94,"column":5}},"35":{"start":{"line":79,"column":8},"end":{"line":79,"column":28}},"36":{"start":{"line":80,"column":8},"end":{"line":93,"column":11}},"37":{"start":{"line":84,"column":12},"end":{"line":92,"column":13}},"38":{"start":{"line":85,"column":16},"end":{"line":85,"column":33}},"39":{"start":{"line":87,"column":16},"end":{"line":91,"column":17}},"40":{"start":{"line":88,"column":20},"end":{"line":88,"column":38}},"41":{"start":{"line":90,"column":20},"end":{"line":90,"column":41}},"42":{"start":{"line":96,"column":4},"end":{"line":109,"column":5}},"43":{"start":{"line":97,"column":8},"end":{"line":97,"column":28}},"44":{"start":{"line":98,"column":8},"end":{"line":108,"column":11}},"45":{"start":{"line":99,"column":12},"end":{"line":107,"column":13}},"46":{"start":{"line":100,"column":16},"end":{"line":100,"column":33}},"47":{"start":{"line":102,"column":16},"end":{"line":106,"column":17}},"48":{"start":{"line":103,"column":20},"end":{"line":103,"column":38}},"49":{"start":{"line":105,"column":20},"end":{"line":105,"column":38}},"50":{"start":{"line":111,"column":4},"end":{"line":130,"column":5}},"51":{"start":{"line":112,"column":8},"end":{"line":112,"column":28}},"52":{"start":{"line":113,"column":8},"end":{"line":129,"column":9}},"53":{"start":{"line":114,"column":12},"end":{"line":126,"column":15}},"54":{"start":{"line":117,"column":16},"end":{"line":125,"column":17}},"55":{"start":{"line":118,"column":20},"end":{"line":118,"column":38}},"56":{"start":{"line":120,"column":20},"end":{"line":124,"column":21}},"57":{"start":{"line":121,"column":24},"end":{"line":121,"column":42}},"58":{"start":{"line":123,"column":24},"end":{"line":123,"column":42}},"59":{"start":{"line":128,"column":12},"end":{"line":128,"column":30}},"60":{"start":{"line":132,"column":4},"end":{"line":145,"column":5}},"61":{"start":{"line":133,"column":8},"end":{"line":136,"column":9}},"62":{"start":{"line":137,"column":8},"end":{"line":137,"column":32}},"63":{"start":{"line":138,"column":8},"end":{"line":144,"column":11}},"64":{"start":{"line":139,"column":12},"end":{"line":143,"column":13}},"65":{"start":{"line":140,"column":16},"end":{"line":140,"column":34}},"66":{"start":{"line":142,"column":16},"end":{"line":142,"column":34}},"67":{"start":{"line":147,"column":4},"end":{"line":195,"column":5}},"68":{"start":{"line":156,"column":8},"end":{"line":156,"column":31}},"69":{"start":{"line":157,"column":8},"end":{"line":157,"column":39}},"70":{"start":{"line":158,"column":8},"end":{"line":158,"column":26}},"71":{"start":{"line":159,"column":8},"end":{"line":159,"column":28}},"72":{"start":{"line":160,"column":8},"end":{"line":175,"column":9}},"73":{"start":{"line":161,"column":12},"end":{"line":174,"column":15}},"74":{"start":{"line":164,"column":16},"end":{"line":173,"column":17}},"75":{"start":{"line":165,"column":20},"end":{"line":170,"column":21}},"76":{"start":{"line":166,"column":24},"end":{"line":166,"column":47}},"77":{"start":{"line":168,"column":24},"end":{"line":168,"column":38}},"78":{"start":{"line":169,"column":24},"end":{"line":169,"column":47}},"79":{"start":{"line":172,"column":20},"end":{"line":172,"column":38}},"80":{"start":{"line":176,"column":8},"end":{"line":194,"column":9}},"81":{"start":{"line":177,"column":12},"end":{"line":184,"column":15}},"82":{"start":{"line":178,"column":16},"end":{"line":183,"column":17}},"83":{"start":{"line":179,"column":20},"end":{"line":179,"column":38}},"84":{"start":{"line":181,"column":20},"end":{"line":181,"column":54}},"85":{"start":{"line":182,"column":20},"end":{"line":182,"column":48}},"86":{"start":{"line":186,"column":12},"end":{"line":186,"column":145}},"87":{"start":{"line":187,"column":12},"end":{"line":193,"column":15}},"88":{"start":{"line":188,"column":16},"end":{"line":192,"column":17}},"89":{"start":{"line":189,"column":20},"end":{"line":189,"column":38}},"90":{"start":{"line":191,"column":20},"end":{"line":191,"column":48}},"91":{"start":{"line":197,"column":4},"end":{"line":211,"column":5}},"92":{"start":{"line":198,"column":8},"end":{"line":198,"column":130}},"93":{"start":{"line":199,"column":8},"end":{"line":199,"column":26}},"94":{"start":{"line":200,"column":8},"end":{"line":210,"column":11}},"95":{"start":{"line":201,"column":12},"end":{"line":209,"column":13}},"96":{"start":{"line":202,"column":16},"end":{"line":202,"column":34}},"97":{"start":{"line":204,"column":16},"end":{"line":208,"column":17}},"98":{"start":{"line":205,"column":20},"end":{"line":205,"column":38}},"99":{"start":{"line":207,"column":20},"end":{"line":207,"column":38}},"100":{"start":{"line":214,"column":0},"end":{"line":214,"column":20}}},"branchMap":{"1":{"line":19,"type":"if","locations":[{"start":{"line":19,"column":16},"end":{"line":19,"column":16}},{"start":{"line":19,"column":16},"end":{"line":19,"column":16}}]},"2":{"line":19,"type":"binary-expr","locations":[{"start":{"line":19,"column":20},"end":{"line":19,"column":32}},{"start":{"line":19,"column":36},"end":{"line":19,"column":47}},{"start":{"line":19,"column":51},"end":{"line":19,"column":78}}]},"3":{"line":21,"type":"if","locations":[{"start":{"line":21,"column":20},"end":{"line":21,"column":20}},{"start":{"line":21,"column":20},"end":{"line":21,"column":20}}]},"4":{"line":21,"type":"binary-expr","locations":[{"start":{"line":21,"column":24},"end":{"line":21,"column":42}},{"start":{"line":21,"column":46},"end":{"line":21,"column":64}}]},"5":{"line":44,"type":"if","locations":[{"start":{"line":44,"column":12},"end":{"line":44,"column":12}},{"start":{"line":44,"column":12},"end":{"line":44,"column":12}}]},"6":{"line":54,"type":"if","locations":[{"start":{"line":54,"column":12},"end":{"line":54,"column":12}},{"start":{"line":54,"column":12},"end":{"line":54,"column":12}}]},"7":{"line":54,"type":"binary-expr","locations":[{"start":{"line":54,"column":16},"end":{"line":54,"column":26}},{"start":{"line":54,"column":30},"end":{"line":54,"column":40}}]},"8":{"line":68,"type":"if","locations":[{"start":{"line":68,"column":12},"end":{"line":68,"column":12}},{"start":{"line":68,"column":12},"end":{"line":68,"column":12}}]},"9":{"line":84,"type":"if","locations":[{"start":{"line":84,"column":12},"end":{"line":84,"column":12}},{"start":{"line":84,"column":12},"end":{"line":84,"column":12}}]},"10":{"line":87,"type":"if","locations":[{"start":{"line":87,"column":16},"end":{"line":87,"column":16}},{"start":{"line":87,"column":16},"end":{"line":87,"column":16}}]},"11":{"line":99,"type":"if","locations":[{"start":{"line":99,"column":12},"end":{"line":99,"column":12}},{"start":{"line":99,"column":12},"end":{"line":99,"column":12}}]},"12":{"line":102,"type":"if","locations":[{"start":{"line":102,"column":16},"end":{"line":102,"column":16}},{"start":{"line":102,"column":16},"end":{"line":102,"column":16}}]},"13":{"line":117,"type":"if","locations":[{"start":{"line":117,"column":16},"end":{"line":117,"column":16}},{"start":{"line":117,"column":16},"end":{"line":117,"column":16}}]},"14":{"line":120,"type":"if","locations":[{"start":{"line":120,"column":20},"end":{"line":120,"column":20}},{"start":{"line":120,"column":20},"end":{"line":120,"column":20}}]},"15":{"line":139,"type":"if","locations":[{"start":{"line":139,"column":12},"end":{"line":139,"column":12}},{"start":{"line":139,"column":12},"end":{"line":139,"column":12}}]},"16":{"line":160,"type":"if","locations":[{"start":{"line":160,"column":8},"end":{"line":160,"column":8}},{"start":{"line":160,"column":8},"end":{"line":160,"column":8}}]},"17":{"line":164,"type":"if","locations":[{"start":{"line":164,"column":16},"end":{"line":164,"column":16}},{"start":{"line":164,"column":16},"end":{"line":164,"column":16}}]},"18":{"line":165,"type":"if","locations":[{"start":{"line":165,"column":20},"end":{"line":165,"column":20}},{"start":{"line":165,"column":20},"end":{"line":165,"column":20}}]},"19":{"line":176,"type":"if","locations":[{"start":{"line":176,"column":8},"end":{"line":176,"column":8}},{"start":{"line":176,"column":8},"end":{"line":176,"column":8}}]},"20":{"line":178,"type":"if","locations":[{"start":{"line":178,"column":16},"end":{"line":178,"column":16}},{"start":{"line":178,"column":16},"end":{"line":178,"column":16}}]},"21":{"line":188,"type":"if","locations":[{"start":{"line":188,"column":16},"end":{"line":188,"column":16}},{"start":{"line":188,"column":16},"end":{"line":188,"column":16}}]},"22":{"line":201,"type":"if","locations":[{"start":{"line":201,"column":12},"end":{"line":201,"column":12}},{"start":{"line":201,"column":12},"end":{"line":201,"column":12}}]},"23":{"line":204,"type":"if","locations":[{"start":{"line":204,"column":16},"end":{"line":204,"column":16}},{"start":{"line":204,"column":16},"end":{"line":204,"column":16}}]}}},"D:\\PROJECTS_02\\service\\user.js":{"path":"D:\\PROJECTS_02\\service\\user.js","s":{"1":1,"2":1,"3":0,"4":1},"b":{},"f":{"1":0},"fnMap":{"1":{"name":"user_service","line":4,"loc":{"start":{"line":4,"column":0},"end":{"line":4,"column":24}}}},"statementMap":{"1":{"start":{"line":1,"column":0},"end":{"line":1,"column":36}},"2":{"start":{"line":4,"column":0},"end":{"line":7,"column":1}},"3":{"start":{"line":6,"column":4},"end":{"line":6,"column":21}},"4":{"start":{"line":12,"column":0},"end":{"line":12,"column":30}}},"branchMap":{}},"D:\\PROJECTS_02\\service\\cv.js":{"path":"D:\\PROJECTS_02\\service\\cv.js","s":{"1":1,"2":1,"3":0,"4":0,"5":0,"6":0,"7":0,"8":0,"9":0,"10":0,"11":0,"12":0,"13":0,"14":0,"15":0,"16":0,"17":0,"18":0,"19":0,"20":0,"21":0,"22":0,"23":0,"24":0,"25":0,"26":0,"27":0,"28":0,"29":0,"30":0,"31":0,"32":0,"33":0,"34":0,"35":0,"36":0,"37":0,"38":0,"39":0,"40":0,"41":0,"42":1},"b":{"1":[0,0],"2":[0,0],"3":[0,0],"4":[0,0],"5":[0,0],"6":[0,0]},"f":{"1":0,"2":0,"3":0,"4":0,"5":0,"6":0,"7":0,"8":0,"9":0,"10":0},"fnMap":{"1":{"name":"curriculum_vitae_service","line":3,"loc":{"start":{"line":3,"column":0},"end":{"line":3,"column":36}}},"2":{"name":"(anonymous_2)","line":4,"loc":{"start":{"line":4,"column":20},"end":{"line":4,"column":41}}},"3":{"name":"(anonymous_3)","line":9,"loc":{"start":{"line":9,"column":23},"end":{"line":9,"column":44}}},"4":{"name":"(anonymous_4)","line":14,"loc":{"start":{"line":14,"column":21},"end":{"line":14,"column":42}}},"5":{"name":"(anonymous_5)","line":19,"loc":{"start":{"line":19,"column":21},"end":{"line":19,"column":48}}},"6":{"name":"(anonymous_6)","line":21,"loc":{"start":{"line":21,"column":63},"end":{"line":21,"column":86}}},"7":{"name":"(anonymous_7)","line":34,"loc":{"start":{"line":34,"column":20},"end":{"line":34,"column":47}}},"8":{"name":"(anonymous_8)","line":46,"loc":{"start":{"line":46,"column":20},"end":{"line":46,"column":47}}},"9":{"name":"(anonymous_9)","line":58,"loc":{"start":{"line":58,"column":31},"end":{"line":58,"column":66}}},"10":{"name":"(anonymous_10)","line":60,"loc":{"start":{"line":60,"column":45},"end":{"line":60,"column":67}}}},"statementMap":{"1":{"start":{"line":1,"column":0},"end":{"line":1,"column":52}},"2":{"start":{"line":3,"column":0},"end":{"line":69,"column":1}},"3":{"start":{"line":4,"column":4},"end":{"line":7,"column":5}},"4":{"start":{"line":5,"column":8},"end":{"line":5,"column":45}},"5":{"start":{"line":6,"column":8},"end":{"line":6,"column":30}},"6":{"start":{"line":9,"column":4},"end":{"line":12,"column":5}},"7":{"start":{"line":10,"column":8},"end":{"line":10,"column":45}},"8":{"start":{"line":11,"column":8},"end":{"line":11,"column":33}},"9":{"start":{"line":14,"column":4},"end":{"line":17,"column":5}},"10":{"start":{"line":15,"column":8},"end":{"line":15,"column":45}},"11":{"start":{"line":16,"column":8},"end":{"line":16,"column":31}},"12":{"start":{"line":19,"column":4},"end":{"line":32,"column":5}},"13":{"start":{"line":20,"column":8},"end":{"line":20,"column":52}},"14":{"start":{"line":21,"column":8},"end":{"line":31,"column":11}},"15":{"start":{"line":22,"column":12},"end":{"line":30,"column":13}},"16":{"start":{"line":23,"column":16},"end":{"line":27,"column":17}},"17":{"start":{"line":24,"column":20},"end":{"line":24,"column":61}},"18":{"start":{"line":26,"column":20},"end":{"line":26,"column":38}},"19":{"start":{"line":29,"column":16},"end":{"line":29,"column":38}},"20":{"start":{"line":34,"column":4},"end":{"line":44,"column":5}},"21":{"start":{"line":35,"column":8},"end":{"line":35,"column":30}},"22":{"start":{"line":36,"column":8},"end":{"line":36,"column":193}},"23":{"start":{"line":37,"column":8},"end":{"line":37,"column":112}},"24":{"start":{"line":38,"column":8},"end":{"line":38,"column":50}},"25":{"start":{"line":39,"column":8},"end":{"line":43,"column":9}},"26":{"start":{"line":40,"column":12},"end":{"line":40,"column":62}},"27":{"start":{"line":42,"column":12},"end":{"line":42,"column":50}},"28":{"start":{"line":46,"column":4},"end":{"line":56,"column":5}},"29":{"start":{"line":47,"column":8},"end":{"line":47,"column":30}},"30":{"start":{"line":49,"column":8},"end":{"line":49,"column":102}},"31":{"start":{"line":50,"column":8},"end":{"line":50,"column":48}},"32":{"start":{"line":51,"column":8},"end":{"line":55,"column":9}},"33":{"start":{"line":52,"column":12},"end":{"line":52,"column":58}},"34":{"start":{"line":54,"column":12},"end":{"line":54,"column":48}},"35":{"start":{"line":58,"column":4},"end":{"line":68,"column":5}},"36":{"start":{"line":59,"column":8},"end":{"line":59,"column":45}},"37":{"start":{"line":60,"column":8},"end":{"line":67,"column":11}},"38":{"start":{"line":61,"column":12},"end":{"line":66,"column":13}},"39":{"start":{"line":62,"column":16},"end":{"line":62,"column":62}},"40":{"start":{"line":63,"column":16},"end":{"line":63,"column":38}},"41":{"start":{"line":65,"column":16},"end":{"line":65,"column":37}},"42":{"start":{"line":71,"column":0},"end":{"line":71,"column":42}}},"branchMap":{"1":{"line":22,"type":"if","locations":[{"start":{"line":22,"column":12},"end":{"line":22,"column":12}},{"start":{"line":22,"column":12},"end":{"line":22,"column":12}}]},"2":{"line":23,"type":"if","locations":[{"start":{"line":23,"column":16},"end":{"line":23,"column":16}},{"start":{"line":23,"column":16},"end":{"line":23,"column":16}}]},"3":{"line":39,"type":"if","locations":[{"start":{"line":39,"column":8},"end":{"line":39,"column":8}},{"start":{"line":39,"column":8},"end":{"line":39,"column":8}}]},"4":{"line":51,"type":"if","locations":[{"start":{"line":51,"column":8},"end":{"line":51,"column":8}},{"start":{"line":51,"column":8},"end":{"line":51,"column":8}}]},"5":{"line":61,"type":"if","locations":[{"start":{"line":61,"column":12},"end":{"line":61,"column":12}},{"start":{"line":61,"column":12},"end":{"line":61,"column":12}}]},"6":{"line":62,"type":"cond-expr","locations":[{"start":{"line":62,"column":49},"end":{"line":62,"column":54}},{"start":{"line":62,"column":57},"end":{"line":62,"column":61}}]}}},"D:\\PROJECTS_02\\service\\certification.js":{"path":"D:\\PROJECTS_02\\service\\certification.js","s":{"1":1,"2":1,"3":0,"4":0,"5":0,"6":0,"7":0,"8":0,"9":0,"10":0,"11":0,"12":1},"b":{},"f":{"1":0,"2":0,"3":0,"4":0},"fnMap":{"1":{"name":"certificate_service","line":2,"loc":{"start":{"line":2,"column":0},"end":{"line":2,"column":30}}},"2":{"name":"(anonymous_2)","line":3,"loc":{"start":{"line":3,"column":37},"end":{"line":3,"column":56}}},"3":{"name":"(anonymous_3)","line":8,"loc":{"start":{"line":8,"column":29},"end":{"line":8,"column":48}}},"4":{"name":"(anonymous_4)","line":13,"loc":{"start":{"line":13,"column":31},"end":{"line":13,"column":47}}}},"statementMap":{"1":{"start":{"line":1,"column":0},"end":{"line":1,"column":54}},"2":{"start":{"line":2,"column":0},"end":{"line":17,"column":1}},"3":{"start":{"line":3,"column":4},"end":{"line":6,"column":5}},"4":{"start":{"line":4,"column":8},"end":{"line":4,"column":36}},"5":{"start":{"line":5,"column":8},"end":{"line":5,"column":47}},"6":{"start":{"line":8,"column":4},"end":{"line":11,"column":5}},"7":{"start":{"line":9,"column":8},"end":{"line":9,"column":36}},"8":{"start":{"line":10,"column":8},"end":{"line":10,"column":39}},"9":{"start":{"line":13,"column":4},"end":{"line":16,"column":5}},"10":{"start":{"line":14,"column":8},"end":{"line":14,"column":36}},"11":{"start":{"line":15,"column":8},"end":{"line":15,"column":38}},"12":{"start":{"line":19,"column":0},"end":{"line":19,"column":37}}},"branchMap":{}},"D:\\PROJECTS_02\\model\\certification.js":{"path":"D:\\PROJECTS_02\\model\\certification.js","s":{"1":1,"2":0,"3":0,"4":0,"5":0,"6":0,"7":0,"8":0,"9":0,"10":0,"11":0,"12":0,"13":0,"14":0,"15":0,"16":0,"17":0,"18":0,"19":0,"20":0,"21":0,"22":0,"23":0,"24":0,"25":0,"26":0,"27":0,"28":0,"29":0,"30":0,"31":0,"32":0,"33":0,"34":0,"35":0,"36":0,"37":0,"38":0,"39":0,"40":0,"41":0,"42":0,"43":0,"44":0,"45":0,"46":0,"47":0,"48":0,"49":0,"50":0,"51":0,"52":0,"53":0,"54":0,"55":1},"b":{"1":[0,0],"2":[0,0],"3":[0,0],"4":[0,0],"5":[0,0],"6":[0,0],"7":[0,0],"8":[0,0],"9":[0,0],"10":[0,0],"11":[0,0],"12":[0,0],"13":[0,0]},"f":{"1":0,"2":0,"3":0,"4":0,"5":0,"6":0,"7":0,"8":0,"9":0,"10":0,"11":0},"fnMap":{"1":{"name":"certificationModel","line":1,"loc":{"start":{"line":1,"column":0},"end":{"line":1,"column":79}}},"2":{"name":"(anonymous_2)","line":14,"loc":{"start":{"line":14,"column":22},"end":{"line":14,"column":37}}},"3":{"name":"(anonymous_3)","line":28,"loc":{"start":{"line":28,"column":22},"end":{"line":28,"column":36}}},"4":{"name":"(anonymous_4)","line":42,"loc":{"start":{"line":42,"column":22},"end":{"line":42,"column":37}}},"5":{"name":"(anonymous_5)","line":53,"loc":{"start":{"line":53,"column":27},"end":{"line":53,"column":37}}},"6":{"name":"(anonymous_6)","line":65,"loc":{"start":{"line":65,"column":37},"end":{"line":65,"column":64}}},"7":{"name":"(anonymous_7)","line":67,"loc":{"start":{"line":67,"column":58},"end":{"line":67,"column":83}}},"8":{"name":"(anonymous_8)","line":80,"loc":{"start":{"line":80,"column":29},"end":{"line":80,"column":54}}},"9":{"name":"(anonymous_9)","line":82,"loc":{"start":{"line":82,"column":27},"end":{"line":82,"column":52}}},"10":{"name":"(anonymous_10)","line":95,"loc":{"start":{"line":95,"column":31},"end":{"line":95,"column":53}}},"11":{"name":"(anonymous_11)","line":97,"loc":{"start":{"line":97,"column":29},"end":{"line":97,"column":48}}}},"statementMap":{"1":{"start":{"line":1,"column":0},"end":{"line":109,"column":1}},"2":{"start":{"line":2,"column":4},"end":{"line":2,"column":20}},"3":{"start":{"line":3,"column":4},"end":{"line":9,"column":6}},"4":{"start":{"line":11,"column":4},"end":{"line":51,"column":6}},"5":{"start":{"line":15,"column":16},"end":{"line":15,"column":33}},"6":{"start":{"line":16,"column":16},"end":{"line":16,"column":30}},"7":{"start":{"line":17,"column":16},"end":{"line":19,"column":17}},"8":{"start":{"line":18,"column":20},"end":{"line":18,"column":34}},"9":{"start":{"line":20,"column":16},"end":{"line":22,"column":17}},"10":{"start":{"line":21,"column":20},"end":{"line":21,"column":34}},"11":{"start":{"line":23,"column":16},"end":{"line":23,"column":29}},"12":{"start":{"line":30,"column":16},"end":{"line":33,"column":17}},"13":{"start":{"line":31,"column":20},"end":{"line":31,"column":43}},"14":{"start":{"line":32,"column":20},"end":{"line":32,"column":33}},"15":{"start":{"line":34,"column":16},"end":{"line":34,"column":42}},"16":{"start":{"line":35,"column":16},"end":{"line":35,"column":39}},"17":{"start":{"line":36,"column":16},"end":{"line":36,"column":47}},"18":{"start":{"line":37,"column":16},"end":{"line":37,"column":42}},"19":{"start":{"line":44,"column":16},"end":{"line":44,"column":33}},"20":{"start":{"line":45,"column":16},"end":{"line":47,"column":17}},"21":{"start":{"line":46,"column":20},"end":{"line":46,"column":34}},"22":{"start":{"line":48,"column":16},"end":{"line":48,"column":29}},"23":{"start":{"line":53,"column":4},"end":{"line":62,"column":5}},"24":{"start":{"line":54,"column":8},"end":{"line":54,"column":25}},"25":{"start":{"line":55,"column":8},"end":{"line":55,"column":51}},"26":{"start":{"line":56,"column":8},"end":{"line":60,"column":9}},"27":{"start":{"line":57,"column":12},"end":{"line":59,"column":13}},"28":{"start":{"line":58,"column":16},"end":{"line":58,"column":102}},"29":{"start":{"line":61,"column":8},"end":{"line":61,"column":21}},"30":{"start":{"line":64,"column":4},"end":{"line":64,"column":81}},"31":{"start":{"line":65,"column":4},"end":{"line":78,"column":5}},"32":{"start":{"line":66,"column":8},"end":{"line":66,"column":53}},"33":{"start":{"line":67,"column":8},"end":{"line":77,"column":11}},"34":{"start":{"line":68,"column":12},"end":{"line":76,"column":13}},"35":{"start":{"line":69,"column":16},"end":{"line":69,"column":33}},"36":{"start":{"line":71,"column":16},"end":{"line":75,"column":17}},"37":{"start":{"line":72,"column":20},"end":{"line":72,"column":38}},"38":{"start":{"line":74,"column":20},"end":{"line":74,"column":38}},"39":{"start":{"line":80,"column":4},"end":{"line":93,"column":5}},"40":{"start":{"line":81,"column":8},"end":{"line":81,"column":54}},"41":{"start":{"line":82,"column":8},"end":{"line":92,"column":11}},"42":{"start":{"line":83,"column":12},"end":{"line":91,"column":13}},"43":{"start":{"line":84,"column":16},"end":{"line":84,"column":36}},"44":{"start":{"line":86,"column":16},"end":{"line":90,"column":17}},"45":{"start":{"line":87,"column":20},"end":{"line":87,"column":38}},"46":{"start":{"line":89,"column":20},"end":{"line":89,"column":41}},"47":{"start":{"line":95,"column":4},"end":{"line":108,"column":5}},"48":{"start":{"line":96,"column":8},"end":{"line":96,"column":57}},"49":{"start":{"line":97,"column":8},"end":{"line":107,"column":11}},"50":{"start":{"line":98,"column":12},"end":{"line":106,"column":13}},"51":{"start":{"line":99,"column":16},"end":{"line":99,"column":33}},"52":{"start":{"line":101,"column":16},"end":{"line":105,"column":17}},"53":{"start":{"line":102,"column":20},"end":{"line":102,"column":38}},"54":{"start":{"line":104,"column":20},"end":{"line":104,"column":38}},"55":{"start":{"line":111,"column":0},"end":{"line":111,"column":36}}},"branchMap":{"1":{"line":17,"type":"if","locations":[{"start":{"line":17,"column":16},"end":{"line":17,"column":16}},{"start":{"line":17,"column":16},"end":{"line":17,"column":16}}]},"2":{"line":17,"type":"binary-expr","locations":[{"start":{"line":17,"column":19},"end":{"line":17,"column":25}},{"start":{"line":17,"column":29},"end":{"line":17,"column":40}}]},"3":{"line":20,"type":"if","locations":[{"start":{"line":20,"column":16},"end":{"line":20,"column":16}},{"start":{"line":20,"column":16},"end":{"line":20,"column":16}}]},"4":{"line":30,"type":"if","locations":[{"start":{"line":30,"column":16},"end":{"line":30,"column":16}},{"start":{"line":30,"column":16},"end":{"line":30,"column":16}}]},"5":{"line":45,"type":"if","locations":[{"start":{"line":45,"column":16},"end":{"line":45,"column":16}},{"start":{"line":45,"column":16},"end":{"line":45,"column":16}}]},"6":{"line":45,"type":"binary-expr","locations":[{"start":{"line":45,"column":19},"end":{"line":45,"column":25}},{"start":{"line":45,"column":29},"end":{"line":45,"column":39}}]},"7":{"line":57,"type":"if","locations":[{"start":{"line":57,"column":12},"end":{"line":57,"column":12}},{"start":{"line":57,"column":12},"end":{"line":57,"column":12}}]},"8":{"line":68,"type":"if","locations":[{"start":{"line":68,"column":12},"end":{"line":68,"column":12}},{"start":{"line":68,"column":12},"end":{"line":68,"column":12}}]},"9":{"line":71,"type":"if","locations":[{"start":{"line":71,"column":16},"end":{"line":71,"column":16}},{"start":{"line":71,"column":16},"end":{"line":71,"column":16}}]},"10":{"line":83,"type":"if","locations":[{"start":{"line":83,"column":12},"end":{"line":83,"column":12}},{"start":{"line":83,"column":12},"end":{"line":83,"column":12}}]},"11":{"line":86,"type":"if","locations":[{"start":{"line":86,"column":16},"end":{"line":86,"column":16}},{"start":{"line":86,"column":16},"end":{"line":86,"column":16}}]},"12":{"line":98,"type":"if","locations":[{"start":{"line":98,"column":12},"end":{"line":98,"column":12}},{"start":{"line":98,"column":12},"end":{"line":98,"column":12}}]},"13":{"line":101,"type":"if","locations":[{"start":{"line":101,"column":16},"end":{"line":101,"column":16}},{"start":{"line":101,"column":16},"end":{"line":101,"column":16}}]}}},"D:\\PROJECTS_02\\service\\education.js":{"path":"D:\\PROJECTS_02\\service\\education.js","s":{"1":1,"2":1,"3":0,"4":0,"5":0,"6":1},"b":{},"f":{"1":0,"2":0},"fnMap":{"1":{"name":"education_service","line":3,"loc":{"start":{"line":3,"column":0},"end":{"line":3,"column":28}}},"2":{"name":"(anonymous_2)","line":4,"loc":{"start":{"line":4,"column":33},"end":{"line":4,"column":52}}}},"statementMap":{"1":{"start":{"line":1,"column":0},"end":{"line":1,"column":51}},"2":{"start":{"line":3,"column":0},"end":{"line":8,"column":1}},"3":{"start":{"line":4,"column":4},"end":{"line":7,"column":5}},"4":{"start":{"line":5,"column":8},"end":{"line":5,"column":37}},"5":{"start":{"line":6,"column":8},"end":{"line":6,"column":43}},"6":{"start":{"line":10,"column":0},"end":{"line":10,"column":35}}},"branchMap":{}},"D:\\PROJECTS_02\\model\\education.js":{"path":"D:\\PROJECTS_02\\model\\education.js","s":{"1":1,"2":0,"3":0,"4":0,"5":0,"6":0,"7":0,"8":0,"9":0,"10":0,"11":0,"12":0,"13":0,"14":0,"15":0,"16":0,"17":0,"18":0,"19":0,"20":0,"21":0,"22":0,"23":0,"24":0,"25":0,"26":0,"27":0,"28":0,"29":0,"30":0,"31":0,"32":0,"33":0,"34":0,"35":0,"36":0,"37":0,"38":0,"39":0,"40":0,"41":0,"42":0,"43":0,"44":0,"45":0,"46":0,"47":0,"48":0,"49":0,"50":0,"51":0,"52":0,"53":0,"54":0,"55":0,"56":1,"57":0,"58":0,"59":0,"60":0,"61":0,"62":0,"63":0,"64":0,"65":0,"66":0,"67":0,"68":0,"69":0,"70":0,"71":0,"72":0,"73":0,"74":0,"75":1},"b":{"1":[0,0],"2":[0,0,0],"3":[0,0],"4":[0,0],"5":[0,0],"6":[0,0],"7":[0,0],"8":[0,0],"9":[0,0],"10":[0,0],"11":[0,0],"12":[0,0],"13":[0,0],"14":[0,0],"15":[0,0],"16":[0,0],"17":[0,0],"18":[0,0],"19":[0,0]},"f":{"1":0,"2":0,"3":0,"4":0,"5":0,"6":0,"7":0,"8":0,"9":0,"10":0,"11":0,"12":0},"fnMap":{"1":{"name":"Education","line":1,"loc":{"start":{"line":1,"column":0},"end":{"line":1,"column":72}}},"2":{"name":"(anonymous_2)","line":13,"loc":{"start":{"line":13,"column":18},"end":{"line":13,"column":38}}},"3":{"name":"(anonymous_3)","line":28,"loc":{"start":{"line":28,"column":18},"end":{"line":28,"column":35}}},"4":{"name":"(anonymous_4)","line":41,"loc":{"start":{"line":41,"column":18},"end":{"line":41,"column":37}}},"5":{"name":"(anonymous_5)","line":52,"loc":{"start":{"line":52,"column":18},"end":{"line":52,"column":35}}},"6":{"name":"(anonymous_6)","line":63,"loc":{"start":{"line":63,"column":18},"end":{"line":63,"column":38}}},"7":{"name":"(anonymous_7)","line":76,"loc":{"start":{"line":76,"column":27},"end":{"line":76,"column":38}}},"8":{"name":"(anonymous_8)","line":94,"loc":{"start":{"line":94,"column":24},"end":{"line":94,"column":52}}},"9":{"name":"(anonymous_9)","line":98,"loc":{"start":{"line":98,"column":11},"end":{"line":98,"column":39}}},"10":{"name":"parseDate","line":105,"loc":{"start":{"line":105,"column":20},"end":{"line":105,"column":45}}},"11":{"name":"(anonymous_11)","line":126,"loc":{"start":{"line":126,"column":16},"end":{"line":126,"column":44}}},"12":{"name":"(anonymous_12)","line":128,"loc":{"start":{"line":128,"column":22},"end":{"line":128,"column":42}}}},"statementMap":{"1":{"start":{"line":1,"column":0},"end":{"line":137,"column":1}},"2":{"start":{"line":2,"column":4},"end":{"line":2,"column":20}},"3":{"start":{"line":3,"column":4},"end":{"line":10,"column":5}},"4":{"start":{"line":12,"column":4},"end":{"line":74,"column":7}},"5":{"start":{"line":14,"column":12},"end":{"line":14,"column":31}},"6":{"start":{"line":15,"column":12},"end":{"line":15,"column":33}},"7":{"start":{"line":16,"column":12},"end":{"line":16,"column":25}},"8":{"start":{"line":17,"column":12},"end":{"line":17,"column":26}},"9":{"start":{"line":18,"column":12},"end":{"line":23,"column":13}},"10":{"start":{"line":19,"column":16},"end":{"line":19,"column":46}},"11":{"start":{"line":20,"column":16},"end":{"line":22,"column":17}},"12":{"start":{"line":21,"column":20},"end":{"line":21,"column":38}},"13":{"start":{"line":24,"column":12},"end":{"line":24,"column":30}},"14":{"start":{"line":29,"column":12},"end":{"line":29,"column":31}},"15":{"start":{"line":30,"column":12},"end":{"line":30,"column":26}},"16":{"start":{"line":31,"column":12},"end":{"line":36,"column":13}},"17":{"start":{"line":32,"column":16},"end":{"line":32,"column":43}},"18":{"start":{"line":33,"column":16},"end":{"line":35,"column":17}},"19":{"start":{"line":34,"column":20},"end":{"line":34,"column":38}},"20":{"start":{"line":37,"column":12},"end":{"line":37,"column":30}},"21":{"start":{"line":42,"column":12},"end":{"line":42,"column":32}},"22":{"start":{"line":43,"column":12},"end":{"line":43,"column":114}},"23":{"start":{"line":44,"column":12},"end":{"line":44,"column":31}},"24":{"start":{"line":45,"column":12},"end":{"line":47,"column":13}},"25":{"start":{"line":46,"column":16},"end":{"line":46,"column":55}},"26":{"start":{"line":48,"column":12},"end":{"line":48,"column":30}},"27":{"start":{"line":53,"column":12},"end":{"line":53,"column":32}},"28":{"start":{"line":54,"column":12},"end":{"line":54,"column":114}},"29":{"start":{"line":55,"column":12},"end":{"line":55,"column":31}},"30":{"start":{"line":56,"column":12},"end":{"line":58,"column":13}},"31":{"start":{"line":57,"column":16},"end":{"line":57,"column":53}},"32":{"start":{"line":59,"column":12},"end":{"line":59,"column":30}},"33":{"start":{"line":64,"column":12},"end":{"line":64,"column":31}},"34":{"start":{"line":65,"column":12},"end":{"line":67,"column":13}},"35":{"start":{"line":66,"column":16},"end":{"line":66,"column":34}},"36":{"start":{"line":68,"column":12},"end":{"line":68,"column":30}},"37":{"start":{"line":76,"column":4},"end":{"line":90,"column":5}},"38":{"start":{"line":77,"column":8},"end":{"line":77,"column":25}},"39":{"start":{"line":78,"column":8},"end":{"line":78,"column":51}},"40":{"start":{"line":79,"column":8},"end":{"line":88,"column":9}},"41":{"start":{"line":80,"column":12},"end":{"line":87,"column":13}},"42":{"start":{"line":81,"column":16},"end":{"line":86,"column":17}},"43":{"start":{"line":82,"column":20},"end":{"line":82,"column":114}},"44":{"start":{"line":83,"column":20},"end":{"line":83,"column":70}},"45":{"start":{"line":85,"column":20},"end":{"line":85,"column":106}},"46":{"start":{"line":89,"column":8},"end":{"line":89,"column":21}},"47":{"start":{"line":91,"column":4},"end":{"line":91,"column":45}},"48":{"start":{"line":92,"column":4},"end":{"line":92,"column":51}},"49":{"start":{"line":94,"column":4},"end":{"line":124,"column":5}},"50":{"start":{"line":95,"column":8},"end":{"line":95,"column":35}},"51":{"start":{"line":96,"column":8},"end":{"line":123,"column":11}},"52":{"start":{"line":99,"column":12},"end":{"line":122,"column":13}},"53":{"start":{"line":100,"column":16},"end":{"line":100,"column":33}},"54":{"start":{"line":102,"column":16},"end":{"line":121,"column":17}},"55":{"start":{"line":103,"column":20},"end":{"line":103,"column":38}},"56":{"start":{"line":105,"column":20},"end":{"line":112,"column":21}},"57":{"start":{"line":106,"column":24},"end":{"line":106,"column":37}},"58":{"start":{"line":107,"column":24},"end":{"line":107,"column":57}},"59":{"start":{"line":108,"column":24},"end":{"line":108,"column":148}},"60":{"start":{"line":109,"column":24},"end":{"line":109,"column":132}},"61":{"start":{"line":110,"column":24},"end":{"line":110,"column":97}},"62":{"start":{"line":111,"column":24},"end":{"line":111,"column":35}},"63":{"start":{"line":113,"column":20},"end":{"line":113,"column":49}},"64":{"start":{"line":115,"column":20},"end":{"line":118,"column":21}},"65":{"start":{"line":116,"column":24},"end":{"line":116,"column":71}},"66":{"start":{"line":117,"column":24},"end":{"line":117,"column":67}},"67":
[...]
11}},{"start":{"line":25,"column":11},"end":{"line":25,"column":11}}]},"2":{"line":28,"type":"if","locations":[{"start":{"line":28,"column":16},"end":{"line":28,"column":16}},{"start":{"line":28,"column":16},"end":{"line":28,"column":16}}]},"3":{"line":43,"type":"if","locations":[{"start":{"line":43,"column":11},"end":{"line":43,"column":11}},{"start":{"line":43,"column":11},"end":{"line":43,"column":11}}]},"4":{"line":46,"type":"if","locations":[{"start":{"line":46,"column":12},"end":{"line":46,"column":12}},{"start":{"line":46,"column":12},"end":{"line":46,"column":12}}]},"5":{"line":49,"type":"if","locations":[{"start":{"line":49,"column":20},"end":{"line":49,"column":20}},{"start":{"line":49,"column":20},"end":{"line":49,"column":20}}]},"6":{"line":58,"type":"if","locations":[{"start":{"line":58,"column":20},"end":{"line":58,"column":20}},{"start":{"line":58,"column":20},"end":{"line":58,"column":20}}]}}},"D:\\PROJECTS_02\\service\\skill.js":{"path":"D:\\PROJECTS_02\\service\\skill.js","s":{"1":1,"2":1,"3":0,"4":0,"5":0,"6":1},"b":{},"f":{"1":0,"2":0},"fnMap":{"1":{"name":"skill_service","line":3,"loc":{"start":{"line":3,"column":0},"end":{"line":3,"column":25}}},"2":{"name":"(anonymous_2)","line":4,"loc":{"start":{"line":4,"column":29},"end":{"line":4,"column":57}}}},"statementMap":{"1":{"start":{"line":1,"column":0},"end":{"line":1,"column":38}},"2":{"start":{"line":3,"column":0},"end":{"line":8,"column":1}},"3":{"start":{"line":4,"column":4},"end":{"line":7,"column":5}},"4":{"start":{"line":5,"column":8},"end":{"line":5,"column":28}},"5":{"start":{"line":6,"column":8},"end":{"line":6,"column":41}},"6":{"start":{"line":10,"column":0},"end":{"line":10,"column":31}}},"branchMap":{}},"D:\\PROJECTS_02\\model\\skill.js":{"path":"D:\\PROJECTS_02\\model\\skill.js","s":{"1":1,"2":0,"3":0,"4":0,"5":0,"6":0,"7":0,"8":0,"9":0,"10":0,"11":0,"12":0,"13":0,"14":0,"15":0,"16":0,"17":0,"18":0,"19":0,"20":0,"21":0,"22":0,"23":0,"24":0,"25":0,"26":0,"27":0,"28":0,"29":0,"30":0,"31":0,"32":0,"33":0,"34":0,"35":0,"36":0,"37":0,"38":0,"39":0,"40":0,"41":0,"42":0,"43":0,"44":0,"45":0,"46":0,"47":0,"48":0,"49":0,"50":0,"51":0,"52":0,"53":0,"54":0,"55":0,"56":0,"57":0,"58":0,"59":0,"60":0,"61":0,"62":0,"63":0,"64":0,"65":0,"66":0,"67":0,"68":0,"69":0,"70":0,"71":0,"72":0,"73":0,"74":0,"75":0,"76":0,"77":0,"78":1},"b":{"1":[0,0],"2":[0,0],"3":[0,0],"4":[0,0],"5":[0,0],"6":[0,0],"7":[0,0],"8":[0,0],"9":[0,0],"10":[0,0],"11":[0,0],"12":[0,0],"13":[0,0],"14":[0,0],"15":[0,0],"16":[0,0]},"f":{"1":0,"2":0,"3":0,"4":0,"5":0,"6":0,"7":0,"8":0,"9":0,"10":0,"11":0,"12":0,"13":0,"14":0},"fnMap":{"1":{"name":"Skill","line":1,"loc":{"start":{"line":1,"column":0},"end":{"line":1,"column":61}}},"2":{"name":"(anonymous_2)","line":19,"loc":{"start":{"line":19,"column":19},"end":{"line":19,"column":36}}},"3":{"name":"(anonymous_3)","line":32,"loc":{"start":{"line":32,"column":19},"end":{"line":32,"column":38}}},"4":{"name":"(anonymous_4)","line":43,"loc":{"start":{"line":43,"column":19},"end":{"line":43,"column":39}}},"5":{"name":"(anonymous_5)","line":52,"loc":{"start":{"line":52,"column":19},"end":{"line":52,"column":41}}},"6":{"name":"(anonymous_6)","line":66,"loc":{"start":{"line":66,"column":27},"end":{"line":66,"column":37}}},"7":{"name":"(anonymous_7)","line":82,"loc":{"start":{"line":82,"column":24},"end":{"line":82,"column":52}}},"8":{"name":"(anonymous_8)","line":84,"loc":{"start":{"line":84,"column":124},"end":{"line":84,"column":149}}},"9":{"name":"(anonymous_9)","line":101,"loc":{"start":{"line":101,"column":16},"end":{"line":101,"column":43}}},"10":{"name":"(anonymous_10)","line":103,"loc":{"start":{"line":103,"column":22},"end":{"line":103,"column":40}}},"11":{"name":"(anonymous_11)","line":114,"loc":{"start":{"line":114,"column":18},"end":{"line":114,"column":45}}},"12":{"name":"(anonymous_12)","line":117,"loc":{"start":{"line":117,"column":24},"end":{"line":117,"column":42}}},"13":{"name":"(anonymous_13)","line":128,"loc":{"start":{"line":128,"column":18},"end":{"line":128,"column":45}}},"14":{"name":"(anonymous_14)","line":131,"loc":{"start":{"line":131,"column":26},"end":{"line":131,"column":44}}}},"statementMap":{"1":{"start":{"line":1,"column":0},"end":{"line":142,"column":1}},"2":{"start":{"line":2,"column":4},"end":{"line":2,"column":20}},"3":{"start":{"line":3,"column":4},"end":{"line":9,"column":5}},"4":{"start":{"line":18,"column":4},"end":{"line":62,"column":38}},"5":{"start":{"line":20,"column":12},"end":{"line":20,"column":31}},"6":{"start":{"line":21,"column":12},"end":{"line":21,"column":33}},"7":{"start":{"line":22,"column":12},"end":{"line":22,"column":25}},"8":{"start":{"line":23,"column":12},"end":{"line":23,"column":26}},"9":{"start":{"line":24,"column":12},"end":{"line":29,"column":13}},"10":{"start":{"line":25,"column":20},"end":{"line":25,"column":48}},"11":{"start":{"line":26,"column":20},"end":{"line":28,"column":21}},"12":{"start":{"line":27,"column":24},"end":{"line":27,"column":42}},"13":{"start":{"line":30,"column":12},"end":{"line":30,"column":30}},"14":{"start":{"line":33,"column":12},"end":{"line":33,"column":31}},"15":{"start":{"line":34,"column":12},"end":{"line":34,"column":33}},"16":{"start":{"line":35,"column":12},"end":{"line":35,"column":25}},"17":{"start":{"line":36,"column":12},"end":{"line":36,"column":25}},"18":{"start":{"line":37,"column":12},"end":{"line":37,"column":53}},"19":{"start":{"line":38,"column":12},"end":{"line":40,"column":13}},"20":{"start":{"line":39,"column":16},"end":{"line":39,"column":34}},"21":{"start":{"line":41,"column":12},"end":{"line":41,"column":30}},"22":{"start":{"line":45,"column":12},"end":{"line":45,"column":31}},"23":{"start":{"line":46,"column":12},"end":{"line":46,"column":33}},"24":{"start":{"line":47,"column":12},"end":{"line":49,"column":13}},"25":{"start":{"line":48,"column":16},"end":{"line":48,"column":34}},"26":{"start":{"line":50,"column":12},"end":{"line":50,"column":30}},"27":{"start":{"line":53,"column":12},"end":{"line":53,"column":32}},"28":{"start":{"line":54,"column":12},"end":{"line":54,"column":31}},"29":{"start":{"line":55,"column":12},"end":{"line":55,"column":58}},"30":{"start":{"line":56,"column":12},"end":{"line":56,"column":35}},"31":{"start":{"line":57,"column":12},"end":{"line":57,"column":58}},"32":{"start":{"line":58,"column":12},"end":{"line":60,"column":13}},"33":{"start":{"line":59,"column":16},"end":{"line":59,"column":34}},"34":{"start":{"line":61,"column":12},"end":{"line":61,"column":30}},"35":{"start":{"line":66,"column":4},"end":{"line":75,"column":5}},"36":{"start":{"line":67,"column":8},"end":{"line":67,"column":25}},"37":{"start":{"line":68,"column":8},"end":{"line":68,"column":51}},"38":{"start":{"line":69,"column":8},"end":{"line":73,"column":9}},"39":{"start":{"line":70,"column":12},"end":{"line":72,"column":13}},"40":{"start":{"line":71,"column":16},"end":{"line":71,"column":103}},"41":{"start":{"line":74,"column":8},"end":{"line":74,"column":21}},"42":{"start":{"line":77,"column":4},"end":{"line":77,"column":64}},"43":{"start":{"line":82,"column":4},"end":{"line":96,"column":5}},"44":{"start":{"line":83,"column":8},"end":{"line":83,"column":31}},"45":{"start":{"line":84,"column":8},"end":{"line":95,"column":11}},"46":{"start":{"line":85,"column":11},"end":{"line":85,"column":33}},"47":{"start":{"line":86,"column":11},"end":{"line":94,"column":13}},"48":{"start":{"line":87,"column":16},"end":{"line":87,"column":33}},"49":{"start":{"line":89,"column":16},"end":{"line":93,"column":17}},"50":{"start":{"line":90,"column":21},"end":{"line":90,"column":39}},"51":{"start":{"line":92,"column":20},"end":{"line":92,"column":38}},"52":{"start":{"line":101,"column":4},"end":{"line":112,"column":5}},"53":{"start":{"line":102,"column":8},"end":{"line":102,"column":42}},"54":{"start":{"line":103,"column":8},"end":{"line":111,"column":11}},"55":{"start":{"line":104,"column":12},"end":{"line":104,"column":38}},"56":{"start":{"line":105,"column":12},"end":{"line":110,"column":13}},"57":{"start":{"line":106,"column":16},"end":{"line":106,"column":33}},"58":{"start":{"line":108,"column":16},"end":{"line":108,"column":50}},"59":{"start":{"line":109,"column":16},"end":{"line":109,"column":43}},"60":{"start":{"line":114,"column":4},"end":{"line":126,"column":5}},"61":{"start":{"line":115,"column":8},"end":{"line":115,"column":51}},"62":{"start":{"line":116,"column":8},"end":{"line":116,"column":37}},"63":{"start":{"line":117,"column":8},"end":{"line":125,"column":11}},"64":{"start":{"line":118,"column":12},"end":{"line":118,"column":40}},"65":{"start":{"line":119,"column":12},"end":{"line":124,"column":13}},"66":{"start":{"line":120,"column":16},"end":{"line":120,"column":33}},"67":{"start":{"line":122,"column":16},"end":{"line":122,"column":44}},"68":{"start":{"line":123,"column":16},"end":{"line":123,"column":43}},"69":{"start":{"line":128,"column":4},"end":{"line":141,"column":5}},"70":{"start":{"line":129,"column":8},"end":{"line":129,"column":51}},"71":{"start":{"line":130,"column":8},"end":{"line":130,"column":37}},"72":{"start":{"line":131,"column":8},"end":{"line":139,"column":11}},"73":{"start":{"line":132,"column":12},"end":{"line":132,"column":40}},"74":{"start":{"line":133,"column":12},"end":{"line":138,"column":21}},"75":{"start":{"line":134,"column":24},"end":{"line":134,"column":41}},"76":{"start":{"line":136,"column":24},"end":{"line":136,"column":52}},"77":{"start":{"line":137,"column":24},"end":{"line":137,"column":51}},"78":{"start":{"line":144,"column":0},"end":{"line":144,"column":23}}},"branchMap":{"1":{"line":24,"type":"if","locations":[{"start":{"line":24,"column":12},"end":{"line":24,"column":12}},{"start":{"line":24,"column":12},"end":{"line":24,"column":12}}]},"2":{"line":24,"type":"binary-expr","locations":[{"start":{"line":24,"column":15},"end":{"line":24,"column":29}},{"start":{"line":24,"column":33},"end":{"line":24,"column":47}}]},"3":{"line":26,"type":"if","locations":[{"start":{"line":26,"column":20},"end":{"line":26,"column":20}},{"start":{"line":26,"column":20},"end":{"line":26,"column":20}}]},"4":{"line":26,"type":"binary-expr","locations":[{"start":{"line":26,"column":23},"end":{"line":26,"column":41}},{"start":{"line":26,"column":45},"end":{"line":26,"column":63}}]},"5":{"line":38,"type":"if","locations":[{"start":{"line":38,"column":12},"end":{"line":38,"column":12}},{"start":{"line":38,"column":12},"end":{"line":38,"column":12}}]},"6":{"line":38,"type":"binary-expr","locations":[{"start":{"line":38,"column":15},"end":{"line":38,"column":41}},{"start":{"line":38,"column":45},"end":{"line":38,"column":71}}]},"7":{"line":47,"type":"if","locations":[{"start":{"line":47,"column":12},"end":{"line":47,"column":12}},{"start":{"line":47,"column":12},"end":{"line":47,"column":12}}]},"8":{"line":47,"type":"binary-expr","locations":[{"start":{"line":47,"column":15},"end":{"line":47,"column":33}},{"start":{"line":47,"column":37},"end":{"line":47,"column":60}}]},"9":{"line":58,"type":"if","locations":[{"start":{"line":58,"column":12},"end":{"line":58,"column":12}},{"start":{"line":58,"column":12},"end":{"line":58,"column":12}}]},"10":{"line":58,"type":"binary-expr","locations":[{"start":{"line":58,"column":15},"end":{"line":58,"column":49}},{"start":{"line":58,"column":54},"end":{"line":58,"column":90}}]},"11":{"line":70,"type":"if","locations":[{"start":{"line":70,"column":12},"end":{"line":70,"column":12}},{"start":{"line":70,"column":12},"end":{"line":70,"column":12}}]},"12":{"line":86,"type":"if","locations":[{"start":{"line":86,"column":11},"end":{"line":86,"column":11}},{"start":{"line":86,"column":11},"end":{"line":86,"column":11}}]},"13":{"line":89,"type":"if","locations":[{"start":{"line":89,"column":16},"end":{"line":89,"column":16}},{"start":{"line":89,"column":16},"end":{"line":89,"column":16}}]},"14":{"line":105,"type":"if","locations":[{"start":{"line":105,"column":12},"end":{"line":105,"column":12}},{"start":{"line":105,"column":12},"end":{"line":105,"column":12}}]},"15":{"line":119,"type":"if","locations":[{"start":{"line":119,"column":12},"end":{"line":119,"column":12}},{"start":{"line":119,"column":12},"end":{"line":119,"column":12}}]},"16":{"line":133,"type":"if","locations":[{"start":{"line":133,"column":12},"end":{"line":133,"column":12}},{"start":{"line":133,"column":12},"end":{"line":133,"column":12}}]}}},"D:\\PROJECTS_02\\service\\project.js":{"path":"D:\\PROJECTS_02\\service\\project.js","s":{"1":1,"2":1,"3":0,"4":0,"5":0,"6":0,"7":0,"8":0,"9":0,"10":0,"11":0,"12":0,"13":0,"14":0,"15":1},"b":{},"f":{"1":0,"2":0,"3":0,"4":0,"5":0},"fnMap":{"1":{"name":"project_service","line":3,"loc":{"start":{"line":3,"column":0},"end":{"line":3,"column":27}}},"2":{"name":"(anonymous_2)","line":4,"loc":{"start":{"line":4,"column":31},"end":{"line":4,"column":59}}},"3":{"name":"(anonymous_3)","line":8,"loc":{"start":{"line":8,"column":25},"end":{"line":8,"column":53}}},"4":{"name":"(anonymous_4)","line":12,"loc":{"start":{"line":12,"column":25},"end":{"line":12,"column":53}}},"5":{"name":"(anonymous_5)","line":17,"loc":{"start":{"line":17,"column":25},"end":{"line":17,"column":53}}}},"statementMap":{"1":{"start":{"line":1,"column":0},"end":{"line":1,"column":42}},"2":{"start":{"line":3,"column":0},"end":{"line":21,"column":1}},"3":{"start":{"line":4,"column":4},"end":{"line":7,"column":5}},"4":{"start":{"line":5,"column":8},"end":{"line":5,"column":30}},"5":{"start":{"line":6,"column":8},"end":{"line":6,"column":48}},"6":{"start":{"line":8,"column":4},"end":{"line":11,"column":5}},"7":{"start":{"line":9,"column":8},"end":{"line":9,"column":30}},"8":{"start":{"line":10,"column":8},"end":{"line":10,"column":42}},"9":{"start":{"line":12,"column":4},"end":{"line":15,"column":5}},"10":{"start":{"line":13,"column":8},"end":{"line":13,"column":30}},"11":{"start":{"line":14,"column":8},"end":{"line":14,"column":42}},"12":{"start":{"line":17,"column":4},"end":{"line":20,"column":5}},"13":{"start":{"line":18,"column":8},"end":{"line":18,"column":30}},"14":{"start":{"line":19,"column":8},"end":{"line":19,"column":42}},"15":{"start":{"line":23,"column":0},"end":{"line":23,"column":33}}},"branchMap":{}},"D:\\PROJECTS_02\\model\\project.js":{"path":"D:\\PROJECTS_02\\model\\project.js","s":{"1":1,"2":0,"3":0,"4":0,"5":0,"6":0,"7":0,"8":0,"9":0,"10":0,"11":0,"12":0,"13":0,"14":0,"15":0,"16":0,"17":0,"18":0,"19":0,"20":0,"21":0,"22":0,"23":0,"24":0,"25":0,"26":0,"27":0,"28":0,"29":0,"30":0,"31":0,"32":0,"33":0,"34":0,"35":0,"36":0,"37":0,"38":0,"39":0,"40":0,"41":0,"42":0,"43":1},"b":{"1":[0,0],"2":[0,0],"3":[0,0],"4":[0,0],"5":[0,0],"6":[0,0],"7":[0,0],"8":[0,0]},"f":{"1":0,"2":0,"3":0,"4":0,"5":0,"6":0,"7":0,"8":0,"9":0},"fnMap":{"1":{"name":"ProjectModel","line":1,"loc":{"start":{"line":1,"column":0},"end":{"line":1,"column":24}}},"2":{"name":"(anonymous_2)","line":4,"loc":{"start":{"line":4,"column":31},"end":{"line":4,"column":59}}},"3":{"name":"(anonymous_3)","line":6,"loc":{"start":{"line":6,"column":129},"end":{"line":6,"column":158}}},"4":{"name":"(anonymous_4)","line":23,"loc":{"start":{"line":23,"column":25},"end":{"line":23,"column":53}}},"5":{"name":"(anonymous_5)","line":33,"loc":{"start":{"line":33,"column":21},"end":{"line":33,"column":44}}},"6":{"name":"(anonymous_6)","line":48,"loc":{"start":{"line":48,"column":25},"end":{"line":48,"column":53}}},"7":{"name":"(anonymous_7)","line":50,"loc":{"start":{"line":50,"column":21},"end":{"line":50,"column":44}}},"8":{"name":"(anonymous_8)","line":66,"loc":{"start":{"line":66,"column":25},"end":{"line":66,"column":53}}},"9":{"name":"(anonymous_9)","line":69,"loc":{"start":{"line":69,"column":23},"end":{"line":69,"column":44}}}},"statementMap":{"1":{"start":{"line":1,"column":0},"end":{"line":83,"column":1}},"2":{"start":{"line":3,"column":4},"end":{"line":3,"column":68}},"3":{"start":{"line":4,"column":4},"end":{"line":21,"column":5}},"4":{"start":{"line":5,"column":8},"end":{"line":5,"column":32}},"5":{"start":{"line":6,"column":8},"end":{"line":20,"column":11}},"6":{"start":{"line":8,"column":12},"end":{"line":8,"column":37}},"7":{"start":{"line":9,"column":12},"end":{"line":9,"column":29}},"8":{"start":{"line":10,"column":12},"end":{"line":18,"column":13}},"9":{"start":{"line":11,"column":16},"end":{"line":11,"column":34}},"10":{"start":{"line":13,"column":16},"end":{"line":17,"column":17}},"11":{"start":{"line":14,"column":20},"end":{"line":14,"column":38}},"12":{"start":{"line":16,"column":20},"end":{"line":16,"column":38}},"13":{"start":{"line":23,"column":4},"end":{"line":46,"column":5}},"14":{"start":{"line":24,"column":8},"end":{"line":32,"column":11}},"15":{"start":{"line":33,"column":8},"end":{"line":45,"column":11}},"16":{"start":{"line":34,"column":12},"end":{"line":34,"column":37}},"17":{"start":{"line":35,"column":12},"end":{"line":44,"column":13}},"18":{"start":{"line":36,"column":16},"end":{"line":36,"column":34}},"19":{"start":{"line":38,"column":16},"end":{"line":42,"column":17}},"20":{"start":{"line":39,"column":20},"end":{"line":39,"column":38}},"21":{"start":{"line":41,"column":20},"end":{"line":41,"column":40}},"22":{"start":{"line":48,"column":4},"end":{"line":64,"column":5}},"23":{"start":{"line":49,"column":8},"end":{"line":49,"column":38}},"24":{"start":{"line":50,"column":8},"end":{"line":63,"column":11}},"25":{"start":{"line":51,"column":12},"end":{"line":51,"column":29}},"26":{"start":{"line":52,"column":12},"end":{"line":52,"column":32}},"27":{"start":{"line":53,"column":12},"end":{"line":53,"column":37}},"28":{"start":{"line":54,"column":12},"end":{"line":62,"column":13}},"29":{"start":{"line":55,"column":16},"end":{"line":55,"column":33}},"30":{"start":{"line":57,"column":16},"end":{"line":61,"column":17}},"31":{"start":{"line":58,"column":20},"end":{"line":58,"column":38}},"32":{"start":{"line":60,"column":20},"end":{"line":60,"column":40}},"33":{"start":{"line":66,"column":4},"end":{"line":81,"column":5}},"34":{"start":{"line":67,"column":8},"end":{"line":67,"column":42}},"35":{"start":{"line":68,"column":8},"end":{"line":68,"column":44}},"36":{"start":{"line":69,"column":8},"end":{"line":80,"column":11}},"37":{"start":{"line":70,"column":12},"end":{"line":70,"column":37}},"38":{"start":{"line":71,"column":12},"end":{"line":79,"column":13}},"39":{"start":{"line":72,"column":16},"end":{"line":72,"column":33}},"40":{"start":{"line":74,"column":16},"end":{"line":78,"column":17}},"41":{"start":{"line":75,"column":20},"end":{"line":75,"column":38}},"42":{"start":{"line":77,"column":20},"end":{"line":77,"column":38}},"43":{"start":{"line":85,"column":0},"end":{"line":85,"column":30}}},"branchMap":{"1":{"line":10,"type":"if","locations":[{"start":{"line":10,"column":12},"end":{"line":10,"column":12}},{"start":{"line":10,"column":12},"end":{"line":10,"column":12}}]},"2":{"line":13,"type":"if","locations":[{"start":{"line":13,"column":16},"end":{"line":13,"column":16}},{"start":{"line":13,"column":16},"end":{"line":13,"column":16}}]},"3":{"line":35,"type":"if","locations":[{"start":{"line":35,"column":12},"end":{"line":35,"column":12}},{"start":{"line":35,"column":12},"end":{"line":35,"column":12}}]},"4":{"line":38,"type":"if","locations":[{"start":{"line":38,"column":16},"end":{"line":38,"column":16}},{"start":{"line":38,"column":16},"end":{"line":38,"column":16}}]},"5":{"line":54,"type":"if","locations":[{"start":{"line":54,"column":12},"end":{"line":54,"column":12}},{"start":{"line":54,"column":12},"end":{"line":54,"column":12}}]},"6":{"line":57,"type":"if","locations":[{"start":{"line":57,"column":16},"end":{"line":57,"column":16}},{"start":{"line":57,"column":16},"end":{"line":57,"column":16}}]},"7":{"line":71,"type":"if","locations":[{"start":{"line":71,"column":12},"end":{"line":71,"column":12}},{"start":{"line":71,"column":12},"end":{"line":71,"column":12}}]},"8":{"line":74,"type":"if","locations":[{"start":{"line":74,"column":16},"end":{"line":74,"column":16}},{"start":{"line":74,"column":16},"end":{"line":74,"column":16}}]}}}}